Initialized native services in: /Users/sydneybach/.gradle/native
Initialized jansi services in: /Users/sydneybach/.gradle/native
Received JVM installation metadata from '/Library/Java/JavaVirtualMachines/temurin-21.jdk/Contents/Home': {JAVA_HOME=/Library/Java/JavaVirtualMachines/temurin-21.jdk/Contents/Home, JAVA_VERSION=21.0.3, JAVA_VENDOR=Eclipse Adoptium, RUNTIME_NAME=OpenJDK Runtime Environment, RUNTIME_VERSION=21.0.3+9-LTS, VM_NAME=OpenJDK 64-Bit Server VM, VM_VERSION=21.0.3+9-LTS, VM_VENDOR=Eclipse Adoptium, OS_ARCH=aarch64}
The client will now receive all logging from the daemon (pid: 3109). The daemon log file: /Users/sydneybach/.gradle/daemon/8.7/daemon-3109.out.log
Starting 10th build in daemon [uptime: 1 hrs 4 mins 24.526 secs, performance: 99%, GC rate: 0.00/s, heap usage: 3% of 512 MiB, non-heap usage: 58% of 384 MiB]
Using 32 worker leases.
Closing daemon's stdin at end of input.
The daemon will no longer process any standard input.
Now considering [/Volumes/stuff/Projects/SolaceCore] as hierarchies to watch
Watching the file system is configured to be enabled if available
File system watching is active
Starting Build
Caching disabled for Kotlin DSL script compilation (Settings/TopLevel/stage1) because:
  Build cache is disabled
Transforming foojay-resolver-0.8.0.jar (org.gradle.toolchains:foojay-resolver:0.8.0) with ExternalDependencyInstrumentingArtifactTransform
Transforming gson-2.10.1.jar (com.google.code.gson:gson:2.10.1) with ExternalDependencyInstrumentingArtifactTransform
Caching disabled for Kotlin DSL script compilation (Settings/TopLevel/stage2) because:
  Build cache is disabled
Settings evaluated using settings file '/Volumes/stuff/Projects/SolaceCore/settings.gradle.kts'.
Using local directory build cache for the root build (location = /Users/sydneybach/.gradle/caches/build-cache-1, removeUnusedEntriesAfter = 7 days).
Projects loaded. Root project using build file '/Volumes/stuff/Projects/SolaceCore/build.gradle.kts'.
Included projects: [root project 'SolaceCore']

> Configure project :
Evaluating root project 'SolaceCore' using build file '/Volumes/stuff/Projects/SolaceCore/build.gradle.kts'.
Transforming kotlin-serialization-2.0.21-gradle85.jar (org.jetbrains.kotlin:kotlin-serialization:2.0.21) with ExternalDependencyInstrumentingArtifactTransform
Transforming kotlin-gradle-plugin-model-2.0.21.jar (org.jetbrains.kotlin:kotlin-gradle-plugin-model:2.0.21) with ExternalDependencyInstrumentingArtifactTransform
Transforming kotlin-gradle-plugin-api-2.0.21.jar (org.jetbrains.kotlin:kotlin-gradle-plugin-api:2.0.21) with ExternalDependencyInstrumentingArtifactTransform
Transforming kotlin-gradle-plugin-api-2.0.21-gradle85.jar (org.jetbrains.kotlin:kotlin-gradle-plugin-api:2.0.21) with ExternalDependencyInstrumentingArtifactTransform
Transforming kotlin-gradle-plugin-2.0.21-gradle85.jar (org.jetbrains.kotlin:kotlin-gradle-plugin:2.0.21) with ExternalDependencyInstrumentingArtifactTransform
Transforming kotlin-gradle-plugin-idea-proto-2.0.21.jar (org.jetbrains.kotlin:kotlin-gradle-plugin-idea-proto:2.0.21) with ExternalDependencyInstrumentingArtifactTransform
Transforming kotlin-gradle-plugin-idea-2.0.21.jar (org.jetbrains.kotlin:kotlin-gradle-plugin-idea:2.0.21) with ExternalDependencyInstrumentingArtifactTransform
Transforming kotlin-klib-commonizer-api-2.0.21.jar (org.jetbrains.kotlin:kotlin-klib-commonizer-api:2.0.21) with ExternalDependencyInstrumentingArtifactTransform
Transforming kotlin-build-statistics-2.0.21.jar (org.jetbrains.kotlin:kotlin-build-statistics:2.0.21) with ExternalDependencyInstrumentingArtifactTransform
Transforming kotlin-build-tools-api-2.0.21.jar (org.jetbrains.kotlin:kotlin-build-tools-api:2.0.21) with ExternalDependencyInstrumentingArtifactTransform
Transforming kotlin-compiler-runner-2.0.21.jar (org.jetbrains.kotlin:kotlin-compiler-runner:2.0.21) with ExternalDependencyInstrumentingArtifactTransform
Transforming kotlin-native-utils-2.0.21.jar (org.jetbrains.kotlin:kotlin-native-utils:2.0.21) with ExternalDependencyInstrumentingArtifactTransform
Transforming kotlin-util-klib-2.0.21.jar (org.jetbrains.kotlin:kotlin-util-klib:2.0.21) with ExternalDependencyInstrumentingArtifactTransform
Transforming kotlin-compiler-embeddable-2.0.21.jar (org.jetbrains.kotlin:kotlin-compiler-embeddable:2.0.21) with ExternalDependencyInstrumentingArtifactTransform
Transforming kotlin-gradle-plugin-annotations-2.0.21.jar (org.jetbrains.kotlin:kotlin-gradle-plugin-annotations:2.0.21) with ExternalDependencyInstrumentingArtifactTransform
Transforming kotlin-tooling-core-2.0.21.jar (org.jetbrains.kotlin:kotlin-tooling-core:2.0.21) with ExternalDependencyInstrumentingArtifactTransform
Transforming gson-2.8.9.jar (com.google.code.gson:gson:2.8.9) with ExternalDependencyInstrumentingArtifactTransform
Transforming kotlin-daemon-client-2.0.21.jar (org.jetbrains.kotlin:kotlin-daemon-client:2.0.21) with ExternalDependencyInstrumentingArtifactTransform
Transforming kotlinx-coroutines-core-jvm-1.6.4.jar (org.jetbrains.kotlinx:kotlinx-coroutines-core-jvm:1.6.4) with ExternalDependencyInstrumentingArtifactTransform
Transforming kotlin-util-io-2.0.21.jar (org.jetbrains.kotlin:kotlin-util-io:2.0.21) with ExternalDependencyInstrumentingArtifactTransform
Transforming kotlin-daemon-embeddable-2.0.21.jar (org.jetbrains.kotlin:kotlin-daemon-embeddable:2.0.21) with ExternalDependencyInstrumentingArtifactTransform
Transforming trove4j-1.0.20200330.jar (org.jetbrains.intellij.deps:trove4j:1.0.20200330) with ExternalDependencyInstrumentingArtifactTransform
Using Kotlin Gradle Plugin gradle85 variant
kotlin scripting plugin: created the scripting discovery configuration: kotlinScriptDef
kotlin scripting plugin: created the scripting discovery configuration: testKotlinScriptDef
All projects evaluated.
Task name matched 'clean'
Task name matched 'build'
Selected primary task 'clean' from project :
Selected primary task 'build' from project :
Starting process 'command '/usr/libexec/java_home''. Working directory: /Users/sydneybach/.gradle/daemon/8.7 Command: /usr/libexec/java_home -V
Successfully started process 'command '/usr/libexec/java_home''
Tasks to be executed: [task ':cleanJvmTest', task ':cleanMacosArm64Test', task ':cleanAllTests', task ':clean', task ':checkKotlinGradlePluginConfigurationErrors', task ':transformCommonMainDependenciesMetadata', task ':compileCommonMainKotlinMetadata', task ':generateProjectStructureMetadata', task ':metadataCommonMainProcessResources', task ':metadataCommonMainClasses', task ':allMetadataJar', task ':compileKotlinMacosArm64', task ':macosArm64ProcessResources', task ':macosArm64MainKlibrary', task ':compileTestKotlinMacosArm64', task ':compileKotlinJvm', task ':jvmProcessResources', task ':jvmMainClasses', task ':jvmJar', task ':macosArm64MetadataElements', task ':assemble', task ':compileTestKotlinJvm', task ':jvmTestProcessResources', task ':jvmTestClasses', task ':jvmTest', task ':xcodeVersion', task ':linkDebugTestMacosArm64', task ':macosArm64Test', task ':allTests', task ':check', task ':build']
Tasks that were excluded: []
Resolve mutations for :cleanJvmTest (Thread[#1314,Execution worker,5,main]) started.
:cleanJvmTest (Thread[#1314,Execution worker,5,main]) started.

> Task :cleanJvmTest UP-TO-DATE
Caching disabled for task ':cleanJvmTest' because:
  Deletion cannot be cached
Task ':cleanJvmTest' is not up-to-date because:
  Task has not declared any outputs despite executing actions.
Resolve mutations for :cleanMacosArm64Test (Thread[#1314,Execution worker,5,main]) started.
:cleanMacosArm64Test (Thread[#1314,Execution worker,5,main]) started.

> Task :cleanMacosArm64Test UP-TO-DATE
Caching disabled for task ':cleanMacosArm64Test' because:
  Deletion cannot be cached
Task ':cleanMacosArm64Test' is not up-to-date because:
  Task has not declared any outputs despite executing actions.
Resolve mutations for :cleanAllTests (Thread[#1314,Execution worker,5,main]) started.
:cleanAllTests (Thread[#1314,Execution worker,5,main]) started.

> Task :cleanAllTests UP-TO-DATE
Skipping task ':cleanAllTests' as it has no actions.
Resolve mutations for :clean (Thread[#1318,Execution worker Thread 5,5,main]) started.
:clean (Thread[#1318,Execution worker Thread 5,5,main]) started.
destroyer locations for task group 0 (Thread[#1343,Execution worker Thread 29,5,main]) started.

> Task :clean
Caching disabled for task ':clean' because:
  Deletion cannot be cached
Task ':clean' is not up-to-date because:
  Task has not declared any outputs despite executing actions.
Resolve mutations for :checkKotlinGradlePluginConfigurationErrors (Thread[#1318,Execution worker Thread 5,5,main]) started.
:checkKotlinGradlePluginConfigurationErrors (Thread[#1318,Execution worker Thread 5,5,main]) started.

> Task :checkKotlinGradlePluginConfigurationErrors SKIPPED
Skipping task ':checkKotlinGradlePluginConfigurationErrors' as task onlyIf 'errorDiagnostics are present' is false.
Resolve mutations for :transformCommonMainDependenciesMetadata (Thread[#1318,Execution worker Thread 5,5,main]) started.
:transformCommonMainDependenciesMetadata (Thread[#1318,Execution worker Thread 5,5,main]) started.

> Task :transformCommonMainDependenciesMetadata
Caching disabled for task ':transformCommonMainDependenciesMetadata' because:
  Metadata Dependency Transformation Task doesn't benefit from caching as it doesn't have heavy load
Task ':transformCommonMainDependenciesMetadata' is not up-to-date because:
  Output property 'outputsDir$kotlin_gradle_plugin_common' file /Volumes/stuff/Projects/SolaceCore/build/kotlinTransformedMetadataLibraries/commonMain has been removed.
  Output property 'outputsDir$kotlin_gradle_plugin_common' file /Volumes/stuff/Projects/SolaceCore/build/kotlinTransformedMetadataLibraries/commonMain/commonMain.json has been removed.
  Output property 'outputsDir$kotlin_gradle_plugin_common' file /Volumes/stuff/Projects/SolaceCore/build/kotlinTransformedMetadataLibraries/commonMain/org.jetbrains.kotlin-kotlin-stdlib-2.0.21-commonMain-WPEnbA.klib has been removed.
  Output property 'outputsDir$kotlin_gradle_plugin_common' file /Volumes/stuff/Projects/SolaceCore/build/kotlinTransformedMetadataLibraries/commonMain/org.jetbrains.kotlinx-atomicfu-0.23.1-commonMain-wFq7cg.klib has been removed.
  Output property 'outputsDir$kotlin_gradle_plugin_common' file /Volumes/stuff/Projects/SolaceCore/build/kotlinTransformedMetadataLibraries/commonMain/org.jetbrains.kotlinx-kotlinx-coroutines-core-1.9.0-commonMain-ENDfhw.klib has been removed.
  Output property 'outputsDir$kotlin_gradle_plugin_common' file /Volumes/stuff/Projects/SolaceCore/build/kotlinTransformedMetadataLibraries/commonMain/org.jetbrains.kotlinx-kotlinx-coroutines-core-1.9.0-concurrentMain-ENDfhw.klib has been removed.
  Output property 'transformedLibrariesIndexFile' file /Volumes/stuff/Projects/SolaceCore/build/kotlinTransformedMetadataLibraries/commonMain/commonMain.json has been removed.
Resolve mutations for :compileCommonMainKotlinMetadata (Thread[#1318,Execution worker Thread 5,5,main]) started.
:compileCommonMainKotlinMetadata (Thread[#1318,Execution worker Thread 5,5,main]) started.
Resolve mutations for :generateProjectStructureMetadata (Thread[#1320,Execution worker Thread 7,5,main]) started.
:generateProjectStructureMetadata (Thread[#1320,Execution worker Thread 7,5,main]) started.

> Task :generateProjectStructureMetadata
Caching disabled for task ':generateProjectStructureMetadata' because:
  Caching has been disabled for the task
Task ':generateProjectStructureMetadata' is not up-to-date because:
  Value of input property 'kotlinProjectStructureMetadata$kotlin_gradle_plugin_common.sourceSetModuleDependenciesInput$kotlin_gradle_plugin_common' has changed for task ':generateProjectStructureMetadata'
Resolve mutations for :metadataCommonMainProcessResources (Thread[#1320,Execution worker Thread 7,5,main]) started.
:metadataCommonMainProcessResources (Thread[#1320,Execution worker Thread 7,5,main]) started.

> Task :metadataCommonMainProcessResources NO-SOURCE
Skipping task ':metadataCommonMainProcessResources' as it has no source files and no previous output files.
Resolve mutations for :compileKotlinMacosArm64 (Thread[#1320,Execution worker Thread 7,5,main]) started.
:compileKotlinMacosArm64 (Thread[#1320,Execution worker Thread 7,5,main]) started.

> Task :compileCommonMainKotlinMetadata FAILED
Build cache key for task ':compileCommonMainKotlinMetadata' is 5a3d8c583468b92a0fa5dc1b342eaea3
Task ':compileCommonMainKotlinMetadata' is not up-to-date because:
  Task has failed previously.
The input changes require a full rebuild for incremental task ':compileCommonMainKotlinMetadata'.
file or directory '/Volumes/stuff/Projects/SolaceCore/src/commonMain/kotlin', not found
file or directory '/Volumes/stuff/Projects/SolaceCore/src/commonMain/kotlin', not found
file or directory '/Volumes/stuff/Projects/SolaceCore/src/commonMain/kotlin', not found
file or directory '/Volumes/stuff/Projects/SolaceCore/src/commonMain/kotlin', not found
Finished executing kotlin compiler using DAEMON strategy

> Task :compileKotlinMacosArm64 FAILED
Kotlin Native Bundle: Acquire lock: /Users/sydneybach/.konan/kotlin-native-prebuilt-macos-aarch64-2.0.21/.lock ...
Kotlin Native Bundle: Lock acquired: /Users/sydneybach/.konan/kotlin-native-prebuilt-macos-aarch64-2.0.21/.lock
Kotlin Native Bundle: Lock released: /Users/sydneybach/.konan/kotlin-native-prebuilt-macos-aarch64-2.0.21/.lock
Kotlin Native Bundle: Acquire lock: /Users/sydneybach/.konan/kotlin-native-prebuilt-macos-aarch64-2.0.21/.lock ...
Kotlin Native Bundle: Lock acquired: /Users/sydneybach/.konan/kotlin-native-prebuilt-macos-aarch64-2.0.21/.lock
Kotlin Native Bundle: Lock released: /Users/sydneybach/.konan/kotlin-native-prebuilt-macos-aarch64-2.0.21/.lock
Kotlin Native Bundle: Acquire lock: /Users/sydneybach/.konan/kotlin-native-prebuilt-macos-aarch64-2.0.21/.lock ...
Kotlin Native Bundle: Lock acquired: /Users/sydneybach/.konan/kotlin-native-prebuilt-macos-aarch64-2.0.21/.lock
Kotlin Native Bundle: Lock released: /Users/sydneybach/.konan/kotlin-native-prebuilt-macos-aarch64-2.0.21/.lock
Kotlin Native Bundle: Acquire lock: /Users/sydneybach/.konan/kotlin-native-prebuilt-macos-aarch64-2.0.21/.lock ...
Kotlin Native Bundle: Lock acquired: /Users/sydneybach/.konan/kotlin-native-prebuilt-macos-aarch64-2.0.21/.lock
Kotlin Native Bundle: Lock released: /Users/sydneybach/.konan/kotlin-native-prebuilt-macos-aarch64-2.0.21/.lock
Kotlin Native Bundle: Acquire lock: /Users/sydneybach/.konan/kotlin-native-prebuilt-macos-aarch64-2.0.21/.lock ...
Kotlin Native Bundle: Lock acquired: /Users/sydneybach/.konan/kotlin-native-prebuilt-macos-aarch64-2.0.21/.lock
Kotlin Native Bundle: Lock released: /Users/sydneybach/.konan/kotlin-native-prebuilt-macos-aarch64-2.0.21/.lock
Build cache key for task ':compileKotlinMacosArm64' is 493d7309930d82318287cf7be66f4f52
Task ':compileKotlinMacosArm64' is not up-to-date because:
  Task has failed previously.
file or directory '/Volumes/stuff/Projects/SolaceCore/src/macosArm64Main/kotlin', not found
file or directory '/Volumes/stuff/Projects/SolaceCore/src/macosMain/kotlin', not found
file or directory '/Volumes/stuff/Projects/SolaceCore/src/appleMain/kotlin', not found
file or directory '/Volumes/stuff/Projects/SolaceCore/src/nativeMain/kotlin', not found
file or directory '/Volumes/stuff/Projects/SolaceCore/src/commonMain/kotlin', not found
file or directory '/Volumes/stuff/Projects/SolaceCore/src/macosArm64Main/kotlin', not found
file or directory '/Volumes/stuff/Projects/SolaceCore/src/macosMain/kotlin', not found
file or directory '/Volumes/stuff/Projects/SolaceCore/src/appleMain/kotlin', not found
file or directory '/Volumes/stuff/Projects/SolaceCore/src/nativeMain/kotlin', not found
file or directory '/Volumes/stuff/Projects/SolaceCore/src/commonMain/kotlin', not found
file or directory '/Volumes/stuff/Projects/SolaceCore/src/macosArm64Main/kotlin', not found
file or directory '/Volumes/stuff/Projects/SolaceCore/src/macosMain/kotlin', not found
file or directory '/Volumes/stuff/Projects/SolaceCore/src/appleMain/kotlin', not found
file or directory '/Volumes/stuff/Projects/SolaceCore/src/nativeMain/kotlin', not found
file or directory '/Volumes/stuff/Projects/SolaceCore/src/commonMain/kotlin', not found
7 actionable tasks: 5 executed, 2 up-to-date
Watched directory hierarchies: [/Volumes/stuff/Projects/SolaceCore]
