Initialized native services in: /Users/sydneybach/.gradle/native
Initialized jansi services in: /Users/sydneybach/.gradle/native
Received JVM installation metadata from '/Library/Java/JavaVirtualMachines/temurin-21.jdk/Contents/Home': {JAVA_HOME=/Library/Java/JavaVirtualMachines/temurin-21.jdk/Contents/Home, JAVA_VERSION=21.0.3, JAVA_VENDOR=Eclipse Adoptium, RUNTIME_NAME=OpenJDK Runtime Environment, RUNTIME_VERSION=21.0.3+9-LTS, VM_NAME=OpenJDK 64-Bit Server VM, VM_VERSION=21.0.3+9-LTS, VM_VENDOR=Eclipse Adoptium, OS_ARCH=aarch64}
The client will now receive all logging from the daemon (pid: 3109). The daemon log file: /Users/sydneybach/.gradle/daemon/8.7/daemon-3109.out.log
Starting 6th build in daemon [uptime: 44 mins 32.832 secs, performance: 100%, GC rate: 0.00/s, heap usage: 3% of 512 MiB, non-heap usage: 44% of 384 MiB]
Using 32 worker leases.
Closing daemon's stdin at end of input.
The daemon will no longer process any standard input.
Now considering [/Volumes/stuff/Projects/SolaceCore] as hierarchies to watch
Watching the file system is configured to be enabled if available
File system watching is active
Starting Build
Transforming foojay-resolver-0.8.0.jar (org.gradle.toolchains:foojay-resolver:0.8.0) with ExternalDependencyInstrumentingArtifactTransform
Transforming gson-2.10.1.jar (com.google.code.gson:gson:2.10.1) with ExternalDependencyInstrumentingArtifactTransform
Settings evaluated using settings file '/Volumes/stuff/Projects/SolaceCore/settings.gradle.kts'.
Using local directory build cache for the root build (location = /Users/sydneybach/.gradle/caches/build-cache-1, removeUnusedEntriesAfter = 7 days).
Projects loaded. Root project using build file '/Volumes/stuff/Projects/SolaceCore/build.gradle.kts'.
Included projects: [root project 'SolaceCore', project ':lib']

> Configure project :
Evaluating root project 'SolaceCore' using build file '/Volumes/stuff/Projects/SolaceCore/build.gradle.kts'.
Transforming kotlin-serialization-2.0.21-gradle85.jar (org.jetbrains.kotlin:kotlin-serialization:2.0.21) with ExternalDependencyInstrumentingArtifactTransform
Transforming kotlin-gradle-plugin-model-2.0.21.jar (org.jetbrains.kotlin:kotlin-gradle-plugin-model:2.0.21) with ExternalDependencyInstrumentingArtifactTransform
Transforming kotlin-gradle-plugin-api-2.0.21.jar (org.jetbrains.kotlin:kotlin-gradle-plugin-api:2.0.21) with ExternalDependencyInstrumentingArtifactTransform
Transforming kotlin-gradle-plugin-api-2.0.21-gradle85.jar (org.jetbrains.kotlin:kotlin-gradle-plugin-api:2.0.21) with ExternalDependencyInstrumentingArtifactTransform
Transforming kotlin-gradle-plugin-2.0.21-gradle85.jar (org.jetbrains.kotlin:kotlin-gradle-plugin:2.0.21) with ExternalDependencyInstrumentingArtifactTransform
Transforming kotlin-gradle-plugin-idea-proto-2.0.21.jar (org.jetbrains.kotlin:kotlin-gradle-plugin-idea-proto:2.0.21) with ExternalDependencyInstrumentingArtifactTransform
Transforming kotlin-gradle-plugin-idea-2.0.21.jar (org.jetbrains.kotlin:kotlin-gradle-plugin-idea:2.0.21) with ExternalDependencyInstrumentingArtifactTransform
Transforming kotlin-klib-commonizer-api-2.0.21.jar (org.jetbrains.kotlin:kotlin-klib-commonizer-api:2.0.21) with ExternalDependencyInstrumentingArtifactTransform
Transforming kotlin-build-statistics-2.0.21.jar (org.jetbrains.kotlin:kotlin-build-statistics:2.0.21) with ExternalDependencyInstrumentingArtifactTransform
Transforming kotlin-build-tools-api-2.0.21.jar (org.jetbrains.kotlin:kotlin-build-tools-api:2.0.21) with ExternalDependencyInstrumentingArtifactTransform
Transforming kotlin-compiler-runner-2.0.21.jar (org.jetbrains.kotlin:kotlin-compiler-runner:2.0.21) with ExternalDependencyInstrumentingArtifactTransform
Transforming kotlin-native-utils-2.0.21.jar (org.jetbrains.kotlin:kotlin-native-utils:2.0.21) with ExternalDependencyInstrumentingArtifactTransform
Transforming kotlin-util-klib-2.0.21.jar (org.jetbrains.kotlin:kotlin-util-klib:2.0.21) with ExternalDependencyInstrumentingArtifactTransform
Transforming kotlin-compiler-embeddable-2.0.21.jar (org.jetbrains.kotlin:kotlin-compiler-embeddable:2.0.21) with ExternalDependencyInstrumentingArtifactTransform
Transforming kotlin-gradle-plugin-annotations-2.0.21.jar (org.jetbrains.kotlin:kotlin-gradle-plugin-annotations:2.0.21) with ExternalDependencyInstrumentingArtifactTransform
Transforming kotlin-tooling-core-2.0.21.jar (org.jetbrains.kotlin:kotlin-tooling-core:2.0.21) with ExternalDependencyInstrumentingArtifactTransform
Transforming gson-2.8.9.jar (com.google.code.gson:gson:2.8.9) with ExternalDependencyInstrumentingArtifactTransform
Transforming kotlin-daemon-client-2.0.21.jar (org.jetbrains.kotlin:kotlin-daemon-client:2.0.21) with ExternalDependencyInstrumentingArtifactTransform
Transforming kotlinx-coroutines-core-jvm-1.6.4.jar (org.jetbrains.kotlinx:kotlinx-coroutines-core-jvm:1.6.4) with ExternalDependencyInstrumentingArtifactTransform
Transforming kotlin-util-io-2.0.21.jar (org.jetbrains.kotlin:kotlin-util-io:2.0.21) with ExternalDependencyInstrumentingArtifactTransform
Transforming kotlin-daemon-embeddable-2.0.21.jar (org.jetbrains.kotlin:kotlin-daemon-embeddable:2.0.21) with ExternalDependencyInstrumentingArtifactTransform
Transforming trove4j-1.0.20200330.jar (org.jetbrains.intellij.deps:trove4j:1.0.20200330) with ExternalDependencyInstrumentingArtifactTransform
Using Kotlin Gradle Plugin gradle85 variant
kotlin scripting plugin: created the scripting discovery configuration: kotlinScriptDef
kotlin scripting plugin: created the scripting discovery configuration: testKotlinScriptDef

> Configure project :lib
Evaluating project ':lib' using build file '/Volumes/stuff/Projects/SolaceCore/lib/build.gradle'.
All projects evaluated.
Task name matched 'clean'
Task name matched 'build'
Selected primary task 'clean' from project :
Selected primary task 'build' from project :
Starting process 'command '/usr/libexec/java_home''. Working directory: /Users/sydneybach/.gradle/daemon/8.7 Command: /usr/libexec/java_home -V
Successfully started process 'command '/usr/libexec/java_home''
Tasks to be executed: [task ':cleanJvmTest', task ':cleanAllTests', task ':clean', task ':generateProjectStructureMetadata', task ':allMetadataJar', task ':checkKotlinGradlePluginConfigurationErrors', task ':compileKotlinJvm', task ':jvmProcessResources', task ':jvmMainClasses', task ':jvmJar', task ':assemble', task ':compileTestKotlinJvm', task ':jvmTestProcessResources', task ':jvmTestClasses', task ':jvmTest', task ':allTests', task ':check', task ':build']
Tasks that were excluded: []
Resolve mutations for :cleanJvmTest (Thread[#891,Execution worker,5,main]) started.
:cleanJvmTest (Thread[#902,Execution worker Thread 12,5,main]) started.

> Task :cleanJvmTest UP-TO-DATE
Caching disabled for task ':cleanJvmTest' because:
  Deletion cannot be cached
Task ':cleanJvmTest' is not up-to-date because:
  Task has not declared any outputs despite executing actions.
Resolve mutations for :cleanAllTests (Thread[#902,Execution worker Thread 12,5,main]) started.
:cleanAllTests (Thread[#902,Execution worker Thread 12,5,main]) started.

> Task :cleanAllTests UP-TO-DATE
Skipping task ':cleanAllTests' as it has no actions.
Resolve mutations for :clean (Thread[#902,Execution worker Thread 12,5,main]) started.
:clean (Thread[#902,Execution worker Thread 12,5,main]) started.
destroyer locations for task group 0 (Thread[#910,Execution worker Thread 20,5,main]) started.

> Task :clean
Caching disabled for task ':clean' because:
  Deletion cannot be cached
Task ':clean' is not up-to-date because:
  Task has not declared any outputs despite executing actions.
Resolve mutations for :generateProjectStructureMetadata (Thread[#902,Execution worker Thread 12,5,main]) started.
:generateProjectStructureMetadata (Thread[#902,Execution worker Thread 12,5,main]) started.

> Task :generateProjectStructureMetadata
Caching disabled for task ':generateProjectStructureMetadata' because:
  Caching has been disabled for the task
Task ':generateProjectStructureMetadata' is not up-to-date because:
  Output property 'resultFile' file /Volumes/stuff/Projects/SolaceCore/build/kotlinProjectStructureMetadata/kotlin-project-structure-metadata.json has been removed.
Resolve mutations for :allMetadataJar (Thread[#902,Execution worker Thread 12,5,main]) started.
:allMetadataJar (Thread[#920,Execution worker Thread 29,5,main]) started.

> Task :allMetadataJar
Caching disabled for task ':allMetadataJar' because:
  Not worth caching
Task ':allMetadataJar' is not up-to-date because:
  Output property 'archiveFile' file /Volumes/stuff/Projects/SolaceCore/build/libs/SolaceCore-metadata.jar has been removed.
Resolve mutations for :checkKotlinGradlePluginConfigurationErrors (Thread[#920,Execution worker Thread 29,5,main]) started.
:checkKotlinGradlePluginConfigurationErrors (Thread[#908,Execution worker Thread 18,5,main]) started.

> Task :checkKotlinGradlePluginConfigurationErrors SKIPPED
Skipping task ':checkKotlinGradlePluginConfigurationErrors' as task onlyIf 'errorDiagnostics are present' is false.
Resolve mutations for :compileKotlinJvm (Thread[#908,Execution worker Thread 18,5,main]) started.
:compileKotlinJvm (Thread[#908,Execution worker Thread 18,5,main]) started.

> Task :compileKotlinJvm FROM-CACHE
Transforming kotlinx-coroutines-core-jvm-1.9.0.jar with BuildToolsApiClasspathEntrySnapshotTransform
Transforming kotlin-scripting-jvm-2.0.21.jar with BuildToolsApiClasspathEntrySnapshotTransform
Transforming kotlin-scripting-dependencies-maven-2.0.21.jar with BuildToolsApiClasspathEntrySnapshotTransform
Transforming kotlin-scripting-dependencies-2.0.21.jar with BuildToolsApiClasspathEntrySnapshotTransform
Transforming kotlin-scripting-common-2.0.21.jar with BuildToolsApiClasspathEntrySnapshotTransform
Transforming kotlinx-serialization-core-jvm-1.7.3.jar with BuildToolsApiClasspathEntrySnapshotTransform
Transforming kotlinx-serialization-json-jvm-1.7.3.jar with BuildToolsApiClasspathEntrySnapshotTransform
Transforming kotlin-stdlib-2.0.21.jar with BuildToolsApiClasspathEntrySnapshotTransform
Transforming kotlin-scripting-jvm-host-2.0.21.jar with BuildToolsApiClasspathEntrySnapshotTransform
Transforming kotlin-scripting-compiler-embeddable-2.0.21.jar with BuildToolsApiClasspathEntrySnapshotTransform
Transforming kotlin-main-kts-2.0.21.jar with BuildToolsApiClasspathEntrySnapshotTransform
Transforming slf4j-simple-2.0.9.jar with BuildToolsApiClasspathEntrySnapshotTransform
Transforming slf4j-api-2.0.9.jar with BuildToolsApiClasspathEntrySnapshotTransform
Transforming annotations-23.0.0.jar with BuildToolsApiClasspathEntrySnapshotTransform
Transforming atomicfu-jvm-0.21.0.jar with BuildToolsApiClasspathEntrySnapshotTransform
Transforming kotlin-script-runtime-2.0.21.jar with BuildToolsApiClasspathEntrySnapshotTransform
Build cache key for task ':compileKotlinJvm' is b7b3c8269cb3c5c67691f56e8691a8c0
Task ':compileKotlinJvm' is not up-to-date because:
  Output property 'classpathSnapshotProperties.classpathSnapshotDir' file /Volumes/stuff/Projects/SolaceCore/build/kotlin/compileKotlinJvm/classpath-snapshot has been removed.
  Output property 'classpathSnapshotProperties.classpathSnapshotDir' file /Volumes/stuff/Projects/SolaceCore/build/kotlin/compileKotlinJvm/classpath-snapshot/shrunk-classpath-snapshot.bin has been removed.
  Output property 'destinationDirectory' file /Volumes/stuff/Projects/SolaceCore/build/classes/kotlin/jvm/main has been removed.
Loaded cache entry for task ':compileKotlinJvm' with cache key b7b3c8269cb3c5c67691f56e8691a8c0
Resolve mutations for :jvmProcessResources (Thread[#908,Execution worker Thread 18,5,main]) started.
:jvmProcessResources (Thread[#908,Execution worker Thread 18,5,main]) started.

> Task :jvmProcessResources NO-SOURCE
Skipping task ':jvmProcessResources' as it has no source files and no previous output files.
Resolve mutations for :jvmMainClasses (Thread[#908,Execution worker Thread 18,5,main]) started.
:jvmMainClasses (Thread[#908,Execution worker Thread 18,5,main]) started.

> Task :jvmMainClasses UP-TO-DATE
Skipping task ':jvmMainClasses' as it has no actions.
Resolve mutations for :jvmJar (Thread[#908,Execution worker Thread 18,5,main]) started.
:jvmJar (Thread[#908,Execution worker Thread 18,5,main]) started.

> Task :jvmJar
Caching disabled for task ':jvmJar' because:
  Not worth caching
Task ':jvmJar' is not up-to-date because:
  Output property 'archiveFile' file /Volumes/stuff/Projects/SolaceCore/build/libs/SolaceCore-jvm.jar has been removed.
file or directory '/Volumes/stuff/Projects/SolaceCore/build/processedResources/jvm/main', not found
Resolve mutations for :assemble (Thread[#908,Execution worker Thread 18,5,main]) started.
:assemble (Thread[#908,Execution worker Thread 18,5,main]) started.

> Task :assemble
Skipping task ':assemble' as it has no actions.
Resolve mutations for :compileTestKotlinJvm (Thread[#908,Execution worker Thread 18,5,main]) started.
:compileTestKotlinJvm (Thread[#908,Execution worker Thread 18,5,main]) started.
Resolve mutations for :jvmTestProcessResources (Thread[#898,Execution worker Thread 8,5,main]) started.
:jvmTestProcessResources (Thread[#898,Execution worker Thread 8,5,main]) started.

> Task :jvmTestProcessResources NO-SOURCE
Skipping task ':jvmTestProcessResources' as it has no source files and no previous output files.

> Task :compileTestKotlinJvm FAILED
Transforming main with BuildToolsApiClasspathEntrySnapshotTransform
Transforming kotlin-test-junit5-2.0.21.jar with BuildToolsApiClasspathEntrySnapshotTransform
Transforming kotlin-test-2.0.21.jar with BuildToolsApiClasspathEntrySnapshotTransform
Transforming kotlinx-coroutines-test-jvm-1.9.0.jar with BuildToolsApiClasspathEntrySnapshotTransform
Transforming kotlinx-coroutines-core-jvm-1.9.0.jar with BuildToolsApiClasspathEntrySnapshotTransform
Transforming kotlin-scripting-jvm-2.0.21.jar with BuildToolsApiClasspathEntrySnapshotTransform
Transforming kotlin-scripting-dependencies-maven-2.0.21.jar with BuildToolsApiClasspathEntrySnapshotTransform
Transforming kotlin-scripting-dependencies-2.0.21.jar with BuildToolsApiClasspathEntrySnapshotTransform
Transforming kotlin-scripting-common-2.0.21.jar with BuildToolsApiClasspathEntrySnapshotTransform
Transforming kotlinx-serialization-core-jvm-1.7.3.jar with BuildToolsApiClasspathEntrySnapshotTransform
Transforming kotlinx-serialization-json-jvm-1.7.3.jar with BuildToolsApiClasspathEntrySnapshotTransform
Transforming kotlin-stdlib-2.0.21.jar with BuildToolsApiClasspathEntrySnapshotTransform
Transforming kotlin-scripting-jvm-host-2.0.21.jar with BuildToolsApiClasspathEntrySnapshotTransform
Transforming kotlin-scripting-compiler-embeddable-2.0.21.jar with BuildToolsApiClasspathEntrySnapshotTransform
Transforming kotlin-main-kts-2.0.21.jar with BuildToolsApiClasspathEntrySnapshotTransform
Transforming slf4j-simple-2.0.9.jar with BuildToolsApiClasspathEntrySnapshotTransform
Transforming slf4j-api-2.0.9.jar with BuildToolsApiClasspathEntrySnapshotTransform
Transforming annotations-23.0.0.jar with BuildToolsApiClasspathEntrySnapshotTransform
Transforming atomicfu-jvm-0.21.0.jar with BuildToolsApiClasspathEntrySnapshotTransform
Transforming kotlin-script-runtime-2.0.21.jar with BuildToolsApiClasspathEntrySnapshotTransform
Transforming junit-platform-commons-1.10.1.jar with BuildToolsApiClasspathEntrySnapshotTransform
Transforming junit-jupiter-api-5.10.1.jar with BuildToolsApiClasspathEntrySnapshotTransform
Transforming opentest4j-1.3.0.jar with BuildToolsApiClasspathEntrySnapshotTransform
Transforming apiguardian-api-1.1.2.jar with BuildToolsApiClasspathEntrySnapshotTransform
Build cache key for task ':compileTestKotlinJvm' is 6b73662ca623b1a83c77a3e541fb0a0b
Task ':compileTestKotlinJvm' is not up-to-date because:
  Task has failed previously.
The input changes require a full rebuild for incremental task ':compileTestKotlinJvm'.
file or directory '/Volumes/stuff/Projects/SolaceCore/src/commonTest/kotlin', not found
file or directory '/Volumes/stuff/Projects/SolaceCore/src/commonTest/kotlin', not found
file or directory '/Volumes/stuff/Projects/SolaceCore/src/commonTest/kotlin', not found
file or directory '/Volumes/stuff/Projects/SolaceCore/src/commonTest/kotlin', not found
file or directory '/Volumes/stuff/Projects/SolaceCore/src/commonTest/kotlin', not found
Kotlin source files: /Volumes/stuff/Projects/SolaceCore/lib/src/jvmTest/kotlin/ai/solace/core/scripting/JvmScriptEngineTest.kt, /Volumes/stuff/Projects/SolaceCore/lib/src/jvmTest/kotlin/ai/solace/core/scripting/FileScriptStorageTest.kt, /Volumes/stuff/Projects/SolaceCore/lib/src/jvmTest/kotlin/ai/solace/core/scripting/AdvancedJvmScriptEngineTest.kt, /Volumes/stuff/Projects/SolaceCore/lib/src/jvmTest/kotlin/ai/solace/core/scripting/ScriptManagerTest.kt, /Volumes/stuff/Projects/SolaceCore/lib/src/jvmTest/kotlin/ai/solace/core/scripting/FileScriptVersionManagerTest.kt, /Volumes/stuff/Projects/SolaceCore/lib/src/jvmTest/kotlin/ai/solace/core/scripting/ScriptActorTest.kt, /Volumes/stuff/Projects/SolaceCore/lib/src/jvmTest/kotlin/ai/solace/core/scripting/CompiledScriptTest.kt, /Volumes/stuff/Projects/SolaceCore/lib/src/jvmTest/kotlin/ai/solace/core/scripting/SimpleScriptValidatorTest.kt, /Volumes/stuff/Projects/SolaceCore/lib/src/jvmTest/kotlin/ai/solace/core/scripting/DependencyScriptEngineTest.kt, /Volumes/stuff/Projects/SolaceCore/lib/src/jvmTest/kotlin/ai/solace/core/util/LoggerProviderTest.kt, /Volumes/stuff/Projects/SolaceCore/lib/src/jvmTest/kotlin/ai/solace/core/lifecycle/LifecycleTest.kt, /Volumes/stuff/Projects/SolaceCore/lib/src/jvmTest/kotlin/ai/solace/core/lifecycle/DisposableTest.kt, /Volumes/stuff/Projects/SolaceCore/lib/src/jvmTest/kotlin/ai/solace/core/storage/encryption/EncryptedStorageTest.kt, /Volumes/stuff/Projects/SolaceCore/lib/src/jvmTest/kotlin/ai/solace/core/storage/encryption/AESEncryptionStrategyTest.kt, /Volumes/stuff/Projects/SolaceCore/lib/src/jvmTest/kotlin/ai/solace/core/storage/StorageSerializerRegistryTest.kt, /Volumes/stuff/Projects/SolaceCore/lib/src/jvmTest/kotlin/ai/solace/core/storage/cache/TTLCachePolicyTest.kt, /Volumes/stuff/Projects/SolaceCore/lib/src/jvmTest/kotlin/ai/solace/core/storage/cache/LRUCachePolicyTest.kt, /Volumes/stuff/Projects/SolaceCore/lib/src/jvmTest/kotlin/ai/solace/core/storage/cache/CachedStorageTest.kt, /Volumes/stuff/Projects/SolaceCore/lib/src/jvmTest/kotlin/ai/solace/core/storage/FileConfigurationStorageTest.kt, /Volumes/stuff/Projects/SolaceCore/lib/src/jvmTest/kotlin/ai/solace/core/storage/FileStorageTest.kt, /Volumes/stuff/Projects/SolaceCore/lib/src/jvmTest/kotlin/ai/solace/core/storage/FileStorageManagerConcurrencyTest.kt, /Volumes/stuff/Projects/SolaceCore/lib/src/jvmTest/kotlin/ai/solace/core/storage/FileStorageManagerTest.kt, /Volumes/stuff/Projects/SolaceCore/lib/src/jvmTest/kotlin/ai/solace/core/storage/InMemoryStorageTest.kt, /Volumes/stuff/Projects/SolaceCore/lib/src/jvmTest/kotlin/ai/solace/core/storage/recovery/ActorRecoveryManagerTest.kt, /Volumes/stuff/Projects/SolaceCore/lib/src/jvmTest/kotlin/ai/solace/core/storage/serialization/DelegatingSerializableActorStateStorageTest.kt, /Volumes/stuff/Projects/SolaceCore/lib/src/jvmTest/kotlin/ai/solace/core/storage/serialization/ActorStateSerializerRegistryTest.kt, /Volumes/stuff/Projects/SolaceCore/lib/src/jvmTest/kotlin/ai/solace/core/storage/serialization/SerializationWrapperTest.kt, /Volumes/stuff/Projects/SolaceCore/lib/src/jvmTest/kotlin/ai/solace/core/storage/TransactionalFileStorageTest.kt, /Volumes/stuff/Projects/SolaceCore/lib/src/jvmTest/kotlin/ai/solace/core/storage/TransactionalInMemoryStorageTest.kt, /Volumes/stuff/Projects/SolaceCore/lib/src/jvmTest/kotlin/ai/solace/core/storage/compression/CompressedStorageTest.kt, /Volumes/stuff/Projects/SolaceCore/lib/src/jvmTest/kotlin/ai/solace/core/storage/compression/GZIPCompressionStrategyTest.kt, /Volumes/stuff/Projects/SolaceCore/lib/src/jvmTest/kotlin/ai/solace/core/storage/InMemoryActorStateStorageTest.kt, /Volumes/stuff/Projects/SolaceCore/lib/src/jvmTest/kotlin/ai/solace/core/storage/FileActorStateStorageTest.kt, /Volumes/stuff/Projects/SolaceCore/lib/src/jvmTest/kotlin/ai/solace/core/storage/InMemoryConfigurationStorageTest.kt, /Volumes/stuff/Projects/SolaceCore/lib/src/jvmTest/kotlin/ai/solace/core/storage/InMemoryStorageManagerConcurrencyTest.kt, /Volumes/stuff/Projects/SolaceCore/lib/src/jvmTest/kotlin/ai/solace/core/storage/InMemoryStorageManagerTest.kt, /Volumes/stuff/Projects/SolaceCore/lib/src/jvmTest/kotlin/ai/solace/core/workflow/WorkflowManagerTest.kt, /Volumes/stuff/Projects/SolaceCore/lib/src/jvmTest/kotlin/ai/solace/core/workflow/WorkflowExample.kt, /Volumes/stuff/Projects/SolaceCore/lib/src/jvmTest/kotlin/ai/solace/core/actor/metrics/ActorMetricsTest.kt, /Volumes/stuff/Projects/SolaceCore/lib/src/jvmTest/kotlin/ai/solace/core/actor/ActorTest.kt, /Volumes/stuff/Projects/SolaceCore/lib/src/jvmTest/kotlin/ai/solace/core/actor/ActorStateTest.kt, /Volumes/stuff/Projects/SolaceCore/lib/src/jvmTest/kotlin/ai/solace/core/actor/examples/TextProcessorTest.kt, /Volumes/stuff/Projects/SolaceCore/lib/src/jvmTest/kotlin/ai/solace/core/actor/examples/FilterTest.kt, /Volumes/stuff/Projects/SolaceCore/lib/src/jvmTest/kotlin/ai/solace/core/actor/builder/ActorBuilderTest.kt, /Volumes/stuff/Projects/SolaceCore/lib/src/jvmTest/kotlin/ai/solace/core/actor/supervisor/SupervisorActorTest.kt, /Volumes/stuff/Projects/SolaceCore/lib/src/jvmTest/kotlin/ai/solace/core/actor/ActorMessageTest.kt, /Volumes/stuff/Projects/SolaceCore/lib/src/jvmTest/kotlin/ai/solace/core/kernel/channels/ports/PortConnectionTest.kt, /Volumes/stuff/Projects/SolaceCore/lib/src/jvmTest/kotlin/ai/solace/core/kernel/channels/ports/BidirectionalPortTest.kt, /Volumes/stuff/Projects/SolaceCore/lib/src/jvmTest/kotlin/ai/solace/core/kernel/channels/ports/MessageHandlersTest.kt, /Volumes/stuff/Projects/SolaceCore/lib/src/jvmTest/kotlin/ai/solace/core/kernel/channels/ports/PortExceptionTest.kt
Java source files: 
Script source files: 
Script file extensions: 
Using Kotlin/JVM incremental compilation
[KOTLIN] Kotlin compilation 'jdkHome' argument: /Users/sydneybach/Library/Java/JavaVirtualMachines/temurin-17.0.8/Contents/Home
Options for KOTLIN DAEMON: IncrementalCompilationOptions(super=CompilationOptions(compilerMode=INCREMENTAL_COMPILER, targetPlatform=JVM, reportCategories=[0, 3], reportSeverity=2, requestedCompilationResults=[0], kotlinScriptExtensions=[]), areFileChangesKnown=false, modifiedFiles=null, deletedFiles=null, classpathChanges=NotAvailableForNonIncrementalRun, workingDir=/Volumes/stuff/Projects/SolaceCore/build/kotlin/compileTestKotlinJvm/cacheable, multiModuleICSettings=MultiModuleICSettings(buildHistoryFile=/Volumes/stuff/Projects/SolaceCore/build/kotlin/compileTestKotlinJvm/local-state/build-history.bin, useModuleDetection=false), usePreciseJavaTracking=true, icFeatures=IncrementalCompilationFeatures(withAbiSnapshot=false, preciseCompilationResultsBackup=true, keepIncrementalCompilationCachesInMemory=true, enableUnsafeIncrementalCompilationForMultiplatform=false), outputFiles=[/Volumes/stuff/Projects/SolaceCore/build/classes/kotlin/jvm/test, /Volumes/stuff/Projects/SolaceCore/build/kotlin/compileTestKotlinJvm/cacheable, /Volumes/stuff/Projects/SolaceCore/build/kotlin/compileTestKotlinJvm/local-state])
Finished executing kotlin compiler using DAEMON strategy
7 actionable tasks: 5 executed, 1 from cache, 1 up-to-date
Watched directory hierarchies: [/Volumes/stuff/Projects/SolaceCore]
