Initialized native services in: /Users/sydneybach/.gradle/native
Initialized jansi services in: /Users/sydneybach/.gradle/native
To honour the JVM settings for this build a single-use Daemon process will be forked. For more on this, please refer to https://docs.gradle.org/8.14/userguide/gradle_daemon.html#sec:disabling_the_daemon in the Gradle documentation.
Starting process 'Gradle build daemon'. Working directory: /Users/sydneybach/.gradle/daemon/8.14 Command: /Library/Java/JavaVirtualMachines/temurin-21.jdk/Contents/Home/bin/java --add-opens=java.base/java.lang=ALL-UNNAMED --add-opens=java.base/java.lang.invoke=ALL-UNNAMED --add-opens=java.base/java.util=ALL-UNNAMED --add-opens=java.prefs/java.util.prefs=ALL-UNNAMED --add-exports=jdk.compiler/com.sun.tools.javac.api=ALL-UNNAMED --add-exports=jdk.compiler/com.sun.tools.javac.util=ALL-UNNAMED --add-opens=java.base/java.util=ALL-UNNAMED --add-opens=java.prefs/java.util.prefs=ALL-UNNAMED --add-opens=java.base/java.nio.charset=ALL-UNNAMED --add-opens=java.base/java.net=ALL-UNNAMED --add-opens=java.base/java.util.concurrent.atomic=ALL-UNNAMED --add-opens=java.xml/javax.xml.namespace=ALL-UNNAMED -XX:MaxMetaspaceSize=384m -XX:+HeapDumpOnOutOfMemoryError -Xms256m -Xmx512m -Dfile.encoding=UTF-8 -Duser.country=US -Duser.language=en -Duser.variant -cp /Users/sydneybach/.gradle/wrapper/dists/gradle-8.14-bin/38aieal9i53h9rfe7vjup95b9/gradle-8.14/lib/gradle-daemon-main-8.14.jar -javaagent:/Users/sydneybach/.gradle/wrapper/dists/gradle-8.14-bin/38aieal9i53h9rfe7vjup95b9/gradle-8.14/lib/agents/gradle-instrumentation-agent-8.14.jar org.gradle.launcher.daemon.bootstrap.GradleDaemon 8.14
Successfully started process 'Gradle build daemon'
An attempt to start the daemon took 0.494 secs.
The client will now receive all logging from the daemon (pid: 26748). The daemon log file: /Users/sydneybach/.gradle/daemon/8.14/daemon-26748.out.log
Daemon will be stopped at the end of the build 
Using 32 worker leases.
Received JVM installation metadata from '/Library/Java/JavaVirtualMachines/temurin-21.jdk/Contents/Home': {JAVA_HOME=/Library/Java/JavaVirtualMachines/temurin-21.jdk/Contents/Home, JAVA_VERSION=21.0.3, JAVA_VENDOR=Eclipse Adoptium, RUNTIME_NAME=OpenJDK Runtime Environment, RUNTIME_VERSION=21.0.3+9-LTS, VM_NAME=OpenJDK 64-Bit Server VM, VM_VERSION=21.0.3+9-LTS, VM_VENDOR=Eclipse Adoptium, OS_ARCH=aarch64}
Watching the file system is configured to be enabled if available
Now considering [/Volumes/stuff/Projects/SolaceCore] as hierarchies to watch
File system watching is active
Starting Build
Resolved plugin [id: 'org.gradle.toolchains.foojay-resolver-convention', version: '1.0.0']
Settings evaluated using settings file '/Volumes/stuff/Projects/SolaceCore/settings.gradle.kts'.
Using local directory build cache for the root build (location = /Users/sydneybach/.gradle/caches/build-cache-1, remove unused entries = after 7 days).
Projects loaded. Root project using build file '/Volumes/stuff/Projects/SolaceCore/build.gradle.kts'.
Included projects: [root project 'SolaceCore', project ':lib']

> Configure project :
Evaluating root project 'SolaceCore' using build file '/Volumes/stuff/Projects/SolaceCore/build.gradle.kts'.

> Configure project :lib
Evaluating project ':lib' using build file '/Volumes/stuff/Projects/SolaceCore/lib/build.gradle.kts'.
Resolved plugin [id: 'org.jetbrains.kotlin.multiplatform', version: '2.2.20']
Resolved plugin [id: 'org.jetbrains.kotlin.plugin.serialization', version: '2.2.20']
Build bcbc9c1e-fbaf-4757-a83c-ef9f34c410b8 is started
Using Kotlin Gradle Plugin gradle813 variant
kotlin scripting plugin: created the scripting discovery configuration: kotlinScriptDef
kotlin scripting plugin: created the scripting discovery configuration: testKotlinScriptDef
All projects evaluated.
Task path ':lib:compileKotlinJvm' matched project ':lib'
Task name matched 'compileKotlinJvm'
Selected primary task 'compileKotlinJvm' from project :lib
Starting process 'command '/usr/libexec/java_home''. Working directory: /Users/sydneybach/.gradle/daemon/8.14 Command: /usr/libexec/java_home -V
Successfully started process 'command '/usr/libexec/java_home''
Starting process 'command '/Users/sydneybach/Library/Java/JavaVirtualMachines/graalvm-jdk-21.0.5/Contents/Home/bin/java''. Working directory: /Users/sydneybach/.gradle/.tmp/tmp-jvm6616785308568693596probe Command: /Users/sydneybach/Library/Java/JavaVirtualMachines/graalvm-jdk-21.0.5/Contents/Home/bin/java -Xmx32m -Xms32m -cp . JavaProbe
Successfully started process 'command '/Users/sydneybach/Library/Java/JavaVirtualMachines/graalvm-jdk-21.0.5/Contents/Home/bin/java''
Received JVM installation metadata from '/Users/sydneybach/Library/Java/JavaVirtualMachines/graalvm-jdk-21.0.5/Contents/Home': {JAVA_HOME=/Users/sydneybach/Library/Java/JavaVirtualMachines/graalvm-jdk-21.0.5/Contents/Home, JAVA_VERSION=21.0.5, JAVA_VENDOR=Oracle Corporation, RUNTIME_NAME=Java(TM) SE Runtime Environment, RUNTIME_VERSION=21.0.5+9-LTS-jvmci-23.1-b48, VM_NAME=Java HotSpot(TM) 64-Bit Server VM, VM_VERSION=21.0.5+9-LTS-jvmci-23.1-b48, VM_VENDOR=Oracle Corporation, OS_ARCH=aarch64}
Starting process 'command '/Users/sydneybach/Library/Java/JavaVirtualMachines/semeru-11.0.20/Contents/Home/bin/java''. Working directory: /Users/sydneybach/.gradle/.tmp/tmp-jvm2557556492705181205probe Command: /Users/sydneybach/Library/Java/JavaVirtualMachines/semeru-11.0.20/Contents/Home/bin/java -Xmx32m -Xms32m -cp . JavaProbe
Successfully started process 'command '/Users/sydneybach/Library/Java/JavaVirtualMachines/semeru-11.0.20/Contents/Home/bin/java''
Received JVM installation metadata from '/Users/sydneybach/Library/Java/JavaVirtualMachines/semeru-11.0.20/Contents/Home': {JAVA_HOME=/Users/sydneybach/Library/Java/JavaVirtualMachines/semeru-11.0.20/Contents/Home, JAVA_VERSION=11.0.20, JAVA_VENDOR=IBM Corporation, RUNTIME_NAME=IBM Semeru Runtime Open Edition, RUNTIME_VERSION=11.0.20+5, VM_NAME=Eclipse OpenJ9 VM, VM_VERSION=v0.40.0-release-936ec5450, VM_VENDOR=Eclipse OpenJ9, OS_ARCH=aarch64}
Starting process 'command '/Users/sydneybach/Library/Java/JavaVirtualMachines/corretto-19.0.2/Contents/Home/bin/java''. Working directory: /Users/sydneybach/.gradle/.tmp/tmp-jvm8355804240564089309probe Command: /Users/sydneybach/Library/Java/JavaVirtualMachines/corretto-19.0.2/Contents/Home/bin/java -Xmx32m -Xms32m -cp . JavaProbe
Successfully started process 'command '/Users/sydneybach/Library/Java/JavaVirtualMachines/corretto-19.0.2/Contents/Home/bin/java''
Received JVM installation metadata from '/Users/sydneybach/Library/Java/JavaVirtualMachines/corretto-19.0.2/Contents/Home': {JAVA_HOME=/Users/sydneybach/Library/Java/JavaVirtualMachines/corretto-19.0.2/Contents/Home, JAVA_VERSION=19.0.2, JAVA_VENDOR=Amazon.com Inc., RUNTIME_NAME=OpenJDK Runtime Environment, RUNTIME_VERSION=19.0.2+7-FR, VM_NAME=OpenJDK 64-Bit Server VM, VM_VERSION=19.0.2+7-FR, VM_VENDOR=Amazon.com Inc., OS_ARCH=aarch64}
Starting process 'command '/Users/sydneybach/Library/Java/JavaVirtualMachines/graalvm-jdk-21.0.3/Contents/Home/bin/java''. Working directory: /Users/sydneybach/.gradle/.tmp/tmp-jvm2047332720269518319probe Command: /Users/sydneybach/Library/Java/JavaVirtualMachines/graalvm-jdk-21.0.3/Contents/Home/bin/java -Xmx32m -Xms32m -cp . JavaProbe
Successfully started process 'command '/Users/sydneybach/Library/Java/JavaVirtualMachines/graalvm-jdk-21.0.3/Contents/Home/bin/java''
Received JVM installation metadata from '/Users/sydneybach/Library/Java/JavaVirtualMachines/graalvm-jdk-21.0.3/Contents/Home': {JAVA_HOME=/Users/sydneybach/Library/Java/JavaVirtualMachines/graalvm-jdk-21.0.3/Contents/Home, JAVA_VERSION=21.0.3, JAVA_VENDOR=Oracle Corporation, RUNTIME_NAME=Java(TM) SE Runtime Environment, RUNTIME_VERSION=21.0.3+7-LTS-jvmci-23.1-b37, VM_NAME=Java HotSpot(TM) 64-Bit Server VM, VM_VERSION=21.0.3+7-LTS-jvmci-23.1-b37, VM_VENDOR=Oracle Corporation, OS_ARCH=aarch64}
Starting process 'command '/Users/sydneybach/Library/Java/JavaVirtualMachines/temurin-21.0.3/Contents/Home/bin/java''. Working directory: /Users/sydneybach/.gradle/.tmp/tmp-jvm3011032826085214273probe Command: /Users/sydneybach/Library/Java/JavaVirtualMachines/temurin-21.0.3/Contents/Home/bin/java -Xmx32m -Xms32m -cp . JavaProbe
Successfully started process 'command '/Users/sydneybach/Library/Java/JavaVirtualMachines/temurin-21.0.3/Contents/Home/bin/java''
Received JVM installation metadata from '/Users/sydneybach/Library/Java/JavaVirtualMachines/temurin-21.0.3/Contents/Home': {JAVA_HOME=/Users/sydneybach/Library/Java/JavaVirtualMachines/temurin-21.0.3/Contents/Home, JAVA_VERSION=21.0.3, JAVA_VENDOR=Eclipse Adoptium, RUNTIME_NAME=OpenJDK Runtime Environment, RUNTIME_VERSION=21.0.3+9-LTS, VM_NAME=OpenJDK 64-Bit Server VM, VM_VERSION=21.0.3+9-LTS, VM_VENDOR=Eclipse Adoptium, OS_ARCH=aarch64}
Starting process 'command '/Users/sydneybach/Library/Java/JavaVirtualMachines/temurin-21.0.5/Contents/Home/bin/java''. Working directory: /Users/sydneybach/.gradle/.tmp/tmp-jvm8511597801686221316probe Command: /Users/sydneybach/Library/Java/JavaVirtualMachines/temurin-21.0.5/Contents/Home/bin/java -Xmx32m -Xms32m -cp . JavaProbe
Successfully started process 'command '/Users/sydneybach/Library/Java/JavaVirtualMachines/temurin-21.0.5/Contents/Home/bin/java''
Received JVM installation metadata from '/Users/sydneybach/Library/Java/JavaVirtualMachines/temurin-21.0.5/Contents/Home': {JAVA_HOME=/Users/sydneybach/Library/Java/JavaVirtualMachines/temurin-21.0.5/Contents/Home, JAVA_VERSION=21.0.5, JAVA_VENDOR=Eclipse Adoptium, RUNTIME_NAME=OpenJDK Runtime Environment, RUNTIME_VERSION=21.0.5+11-LTS, VM_NAME=OpenJDK 64-Bit Server VM, VM_VERSION=21.0.5+11-LTS, VM_VENDOR=Eclipse Adoptium, OS_ARCH=aarch64}
Starting process 'command '/Users/sydneybach/Library/Java/JavaVirtualMachines/temurin-20.0.2/Contents/Home/bin/java''. Working directory: /Users/sydneybach/.gradle/.tmp/tmp-jvm12308997510965306441probe Command: /Users/sydneybach/Library/Java/JavaVirtualMachines/temurin-20.0.2/Contents/Home/bin/java -Xmx32m -Xms32m -cp . JavaProbe
Successfully started process 'command '/Users/sydneybach/Library/Java/JavaVirtualMachines/temurin-20.0.2/Contents/Home/bin/java''
Received JVM installation metadata from '/Users/sydneybach/Library/Java/JavaVirtualMachines/temurin-20.0.2/Contents/Home': {JAVA_HOME=/Users/sydneybach/Library/Java/JavaVirtualMachines/temurin-20.0.2/Contents/Home, JAVA_VERSION=20.0.2, JAVA_VENDOR=Eclipse Adoptium, RUNTIME_NAME=OpenJDK Runtime Environment, RUNTIME_VERSION=20.0.2+9, VM_NAME=OpenJDK 64-Bit Server VM, VM_VERSION=20.0.2+9, VM_VENDOR=Eclipse Adoptium, OS_ARCH=aarch64}
Starting process 'command '/Users/sydneybach/Library/Java/JavaVirtualMachines/semeru-11.0.20-1/Contents/Home/bin/java''. Working directory: /Users/sydneybach/.gradle/.tmp/tmp-jvm5944568606319051809probe Command: /Users/sydneybach/Library/Java/JavaVirtualMachines/semeru-11.0.20-1/Contents/Home/bin/java -Xmx32m -Xms32m -cp . JavaProbe
Successfully started process 'command '/Users/sydneybach/Library/Java/JavaVirtualMachines/semeru-11.0.20-1/Contents/Home/bin/java''
Received JVM installation metadata from '/Users/sydneybach/Library/Java/JavaVirtualMachines/semeru-11.0.20-1/Contents/Home': {JAVA_HOME=/Users/sydneybach/Library/Java/JavaVirtualMachines/semeru-11.0.20-1/Contents/Home, JAVA_VERSION=11.0.20, JAVA_VENDOR=IBM Corporation, RUNTIME_NAME=IBM Semeru Runtime Open Edition, RUNTIME_VERSION=11.0.20+8, VM_NAME=Eclipse OpenJ9 VM, VM_VERSION=openj9-0.40.0, VM_VENDOR=Eclipse OpenJ9, OS_ARCH=aarch64}
Starting process 'command '/Library/Java/JavaVirtualMachines/temurin-8.jdk/Contents/Home/bin/java''. Working directory: /Users/sydneybach/.gradle/.tmp/tmp-jvm5233044726413515244probe Command: /Library/Java/JavaVirtualMachines/temurin-8.jdk/Contents/Home/bin/java -Xmx32m -Xms32m -cp . JavaProbe
Successfully started process 'command '/Library/Java/JavaVirtualMachines/temurin-8.jdk/Contents/Home/bin/java''
Received JVM installation metadata from '/Library/Java/JavaVirtualMachines/temurin-8.jdk/Contents/Home': {JAVA_HOME=/Library/Java/JavaVirtualMachines/temurin-8.jdk/Contents/Home/jre, JAVA_VERSION=1.8.0_302, JAVA_VENDOR=Temurin, RUNTIME_NAME=OpenJDK Runtime Environment, RUNTIME_VERSION=1.8.0_302-b08, VM_NAME=OpenJDK 64-Bit Server VM, VM_VERSION=25.302-b08, VM_VENDOR=Temurin, OS_ARCH=x86_64}
Starting process 'command '/Library/Java/JavaVirtualMachines/microsoft-11.jdk/Contents/Home/bin/java''. Working directory: /Users/sydneybach/.gradle/.tmp/tmp-jvm7786576112070837852probe Command: /Library/Java/JavaVirtualMachines/microsoft-11.jdk/Contents/Home/bin/java -Xmx32m -Xms32m -cp . JavaProbe
Successfully started process 'command '/Library/Java/JavaVirtualMachines/microsoft-11.jdk/Contents/Home/bin/java''
Received JVM installation metadata from '/Library/Java/JavaVirtualMachines/microsoft-11.jdk/Contents/Home': {JAVA_HOME=/Library/Java/JavaVirtualMachines/microsoft-11.jdk/Contents/Home, JAVA_VERSION=11.0.16.1, JAVA_VENDOR=Microsoft, RUNTIME_NAME=OpenJDK Runtime Environment, RUNTIME_VERSION=11.0.16.1+1-LTS, VM_NAME=OpenJDK 64-Bit Server VM, VM_VERSION=11.0.16.1+1-LTS, VM_VENDOR=Microsoft, OS_ARCH=aarch64}
Starting process 'command '/Users/sydneybach/Library/Java/JavaVirtualMachines/temurin-17.0.8/Contents/Home/bin/java''. Working directory: /Users/sydneybach/.gradle/.tmp/tmp-jvm2700435165950528987probe Command: /Users/sydneybach/Library/Java/JavaVirtualMachines/temurin-17.0.8/Contents/Home/bin/java -Xmx32m -Xms32m -cp . JavaProbe
Successfully started process 'command '/Users/sydneybach/Library/Java/JavaVirtualMachines/temurin-17.0.8/Contents/Home/bin/java''
Received JVM installation metadata from '/Users/sydneybach/Library/Java/JavaVirtualMachines/temurin-17.0.8/Contents/Home': {JAVA_HOME=/Users/sydneybach/Library/Java/JavaVirtualMachines/temurin-17.0.8/Contents/Home, JAVA_VERSION=17.0.8, JAVA_VENDOR=Eclipse Adoptium, RUNTIME_NAME=OpenJDK Runtime Environment, RUNTIME_VERSION=17.0.8+7, VM_NAME=OpenJDK 64-Bit Server VM, VM_VERSION=17.0.8+7, VM_VENDOR=Eclipse Adoptium, OS_ARCH=aarch64}
Starting process 'command '/Users/sydneybach/Library/Java/JavaVirtualMachines/azul-13.0.14/Contents/Home/bin/java''. Working directory: /Users/sydneybach/.gradle/.tmp/tmp-jvm854257281817445815probe Command: /Users/sydneybach/Library/Java/JavaVirtualMachines/azul-13.0.14/Contents/Home/bin/java -Xmx32m -Xms32m -cp . JavaProbe
Successfully started process 'command '/Users/sydneybach/Library/Java/JavaVirtualMachines/azul-13.0.14/Contents/Home/bin/java''
Received JVM installation metadata from '/Users/sydneybach/Library/Java/JavaVirtualMachines/azul-13.0.14/Contents/Home': {JAVA_HOME=/Users/sydneybach/Library/Java/JavaVirtualMachines/azul-13.0.14/Contents/Home, JAVA_VERSION=13.0.14, JAVA_VENDOR=Azul Systems, Inc., RUNTIME_NAME=OpenJDK Runtime Environment, RUNTIME_VERSION=13.0.14+5-MTS, VM_NAME=OpenJDK 64-Bit Server VM, VM_VERSION=13.0.14+5-MTS, VM_VENDOR=Azul Systems, Inc., OS_ARCH=x86_64}
Starting process 'command '/Users/sydneybach/Library/Java/JavaVirtualMachines/temurin-21.0.4/Contents/Home/bin/java''. Working directory: /Users/sydneybach/.gradle/.tmp/tmp-jvm3122673416314838596probe Command: /Users/sydneybach/Library/Java/JavaVirtualMachines/temurin-21.0.4/Contents/Home/bin/java -Xmx32m -Xms32m -cp . JavaProbe
Successfully started process 'command '/Users/sydneybach/Library/Java/JavaVirtualMachines/temurin-21.0.4/Contents/Home/bin/java''
Received JVM installation metadata from '/Users/sydneybach/Library/Java/JavaVirtualMachines/temurin-21.0.4/Contents/Home': {JAVA_HOME=/Users/sydneybach/Library/Java/JavaVirtualMachines/temurin-21.0.4/Contents/Home, JAVA_VERSION=21.0.4, JAVA_VENDOR=Eclipse Adoptium, RUNTIME_NAME=OpenJDK Runtime Environment, RUNTIME_VERSION=21.0.4+7-LTS, VM_NAME=OpenJDK 64-Bit Server VM, VM_VERSION=21.0.4+7-LTS, VM_VENDOR=Eclipse Adoptium, OS_ARCH=aarch64}
Starting process 'command '/Users/sydneybach/Library/Java/JavaVirtualMachines/graalvm-jdk-22.0.1/Contents/Home/bin/java''. Working directory: /Users/sydneybach/.gradle/.tmp/tmp-jvm7031540663067678613probe Command: /Users/sydneybach/Library/Java/JavaVirtualMachines/graalvm-jdk-22.0.1/Contents/Home/bin/java -Xmx32m -Xms32m -cp . JavaProbe
Successfully started process 'command '/Users/sydneybach/Library/Java/JavaVirtualMachines/graalvm-jdk-22.0.1/Contents/Home/bin/java''
Received JVM installation metadata from '/Users/sydneybach/Library/Java/JavaVirtualMachines/graalvm-jdk-22.0.1/Contents/Home': {JAVA_HOME=/Users/sydneybach/Library/Java/JavaVirtualMachines/graalvm-jdk-22.0.1/Contents/Home, JAVA_VERSION=22.0.1, JAVA_VENDOR=Oracle Corporation, RUNTIME_NAME=Java(TM) SE Runtime Environment, RUNTIME_VERSION=22.0.1+8-jvmci-b01, VM_NAME=Java HotSpot(TM) 64-Bit Server VM, VM_VERSION=22.0.1+8-jvmci-b01, VM_VENDOR=Oracle Corporation, OS_ARCH=aarch64}
Starting process 'command '/Users/sydneybach/Library/Java/JavaVirtualMachines/semeru-11.0.23/Contents/Home/bin/java''. Working directory: /Users/sydneybach/.gradle/.tmp/tmp-jvm15875801462792503693probe Command: /Users/sydneybach/Library/Java/JavaVirtualMachines/semeru-11.0.23/Contents/Home/bin/java -Xmx32m -Xms32m -cp . JavaProbe
Successfully started process 'command '/Users/sydneybach/Library/Java/JavaVirtualMachines/semeru-11.0.23/Contents/Home/bin/java''
Received JVM installation metadata from '/Users/sydneybach/Library/Java/JavaVirtualMachines/semeru-11.0.23/Contents/Home': {JAVA_HOME=/Users/sydneybach/Library/Java/JavaVirtualMachines/semeru-11.0.23/Contents/Home, JAVA_VERSION=11.0.23, JAVA_VENDOR=IBM Corporation, RUNTIME_NAME=IBM Semeru Runtime Open Edition, RUNTIME_VERSION=11.0.23+9, VM_NAME=Eclipse OpenJ9 VM, VM_VERSION=openj9-0.44.0, VM_VENDOR=Eclipse OpenJ9, OS_ARCH=aarch64}
Starting process 'command '/Users/sydneybach/Library/Java/JavaVirtualMachines/openjdk-23.0.1/Contents/Home/bin/java''. Working directory: /Users/sydneybach/.gradle/.tmp/tmp-jvm5184606615447816997probe Command: /Users/sydneybach/Library/Java/JavaVirtualMachines/openjdk-23.0.1/Contents/Home/bin/java -Xmx32m -Xms32m -cp . JavaProbe
Successfully started process 'command '/Users/sydneybach/Library/Java/JavaVirtualMachines/openjdk-23.0.1/Contents/Home/bin/java''
Received JVM installation metadata from '/Users/sydneybach/Library/Java/JavaVirtualMachines/openjdk-23.0.1/Contents/Home': {JAVA_HOME=/Users/sydneybach/Library/Java/JavaVirtualMachines/openjdk-23.0.1/Contents/Home, JAVA_VERSION=23.0.1, JAVA_VENDOR=Oracle Corporation, RUNTIME_NAME=OpenJDK Runtime Environment, RUNTIME_VERSION=23.0.1+11-39, VM_NAME=OpenJDK 64-Bit Server VM, VM_VERSION=23.0.1+11-39, VM_VENDOR=Oracle Corporation, OS_ARCH=aarch64}
Tasks to be executed: [task ':lib:kmpPartiallyResolvedDependenciesChecker', task ':lib:checkKotlinGradlePluginConfigurationErrors', task ':lib:compileKotlinJvm']
Tasks that were excluded: []
Resolve mutations for :lib:kmpPartiallyResolvedDependenciesChecker (Thread[#195,Execution worker,5,main]) started.
:lib:kmpPartiallyResolvedDependenciesChecker (Thread[#195,Execution worker,5,main]) started.

> Task :lib:kmpPartiallyResolvedDependenciesChecker
Caching disabled for task ':lib:kmpPartiallyResolvedDependenciesChecker' because:
  This task is not intended for execution
Task ':lib:kmpPartiallyResolvedDependenciesChecker' is not up-to-date because:
  Task has not declared any outputs despite executing actions.
Execution stopped by some action with message: null
Resolve mutations for :lib:checkKotlinGradlePluginConfigurationErrors (Thread[#195,Execution worker,5,main]) started.
:lib:checkKotlinGradlePluginConfigurationErrors (Thread[#195,Execution worker,5,main]) started.

> Task :lib:checkKotlinGradlePluginConfigurationErrors SKIPPED
Skipping task ':lib:checkKotlinGradlePluginConfigurationErrors' as task onlyIf 'errorDiagnostics are present' is false.
Resolve mutations for :lib:compileKotlinJvm (Thread[#195,Execution worker,5,main]) started.
:lib:compileKotlinJvm (Thread[#195,Execution worker,5,main]) started.
Not watching anything anymore

> Task :lib:compileKotlinJvm
Build cache key for task ':lib:compileKotlinJvm' is 4e2c84246356b3d86ee5c9188c77f61f
Task ':lib:compileKotlinJvm' is not up-to-date because:
  Task has failed previously.
The input changes require a full rebuild for incremental task ':lib:compileKotlinJvm'.
file or directory '/Volumes/stuff/Projects/SolaceCore/lib/src/jvmMain/java', not found
file or directory '/Volumes/stuff/Projects/SolaceCore/lib/src/jvmMain/java', not found
file or directory '/Volumes/stuff/Projects/SolaceCore/lib/src/jvmMain/java', not found
file or directory '/Volumes/stuff/Projects/SolaceCore/lib/src/jvmMain/java', not found
file or directory '/Volumes/stuff/Projects/SolaceCore/lib/src/jvmMain/java', not found
Kotlin source files: /Volumes/stuff/Projects/SolaceCore/lib/src/jvmMain/kotlin/ai/solace/core/scripting/JvmScriptEngine.kt, /Volumes/stuff/Projects/SolaceCore/lib/src/jvmMain/kotlin/ai/solace/core/scripting/FileScriptStorage.kt, /Volumes/stuff/Projects/SolaceCore/lib/src/jvmMain/kotlin/ai/solace/core/scripting/SimpleScriptValidator.kt, /Volumes/stuff/Projects/SolaceCore/lib/src/jvmMain/kotlin/ai/solace/core/scripting/FileScriptVersionManager.kt, /Volumes/stuff/Projects/SolaceCore/lib/src/jvmMain/kotlin/ai/solace/core/scripting/ScriptManager.kt, /Volumes/stuff/Projects/SolaceCore/lib/src/jvmMain/kotlin/ai/solace/core/util/LoggerProvider.kt, /Volumes/stuff/Projects/SolaceCore/lib/src/jvmMain/kotlin/ai/solace/core/storage/encryption/EncryptedStorage.kt, /Volumes/stuff/Projects/SolaceCore/lib/src/jvmMain/kotlin/ai/solace/core/storage/encryption/EncryptionStrategy.kt, /Volumes/stuff/Projects/SolaceCore/lib/src/jvmMain/kotlin/ai/solace/core/storage/encryption/AESEncryptionStrategy.kt, /Volumes/stuff/Projects/SolaceCore/lib/src/jvmMain/kotlin/ai/solace/core/storage/FileConfigurationStorage.kt, /Volumes/stuff/Projects/SolaceCore/lib/src/jvmMain/kotlin/ai/solace/core/storage/TransactionalFileStorage.kt, /Volumes/stuff/Projects/SolaceCore/lib/src/jvmMain/kotlin/ai/solace/core/storage/FileStorageManager.kt, /Volumes/stuff/Projects/SolaceCore/lib/src/jvmMain/kotlin/ai/solace/core/storage/serialization/SerializationWrapper.kt, /Volumes/stuff/Projects/SolaceCore/lib/src/jvmMain/kotlin/ai/solace/core/storage/compression/GZIPCompressionStrategy.kt, /Volumes/stuff/Projects/SolaceCore/lib/src/jvmMain/kotlin/ai/solace/core/storage/compression/CompressedStorage.kt, /Volumes/stuff/Projects/SolaceCore/lib/src/jvmMain/kotlin/ai/solace/core/storage/compression/CompressionStrategy.kt, /Volumes/stuff/Projects/SolaceCore/lib/src/jvmMain/kotlin/ai/solace/core/storage/FileActorStateStorage.kt, /Volumes/stuff/Projects/SolaceCore/lib/src/jvmMain/kotlin/ai/solace/core/storage/FileStorage.kt, /Volumes/stuff/Projects/SolaceCore/lib/src/commonMain/kotlin/ai/solace/core/scripting/ScriptVersionManager.kt, /Volumes/stuff/Projects/SolaceCore/lib/src/commonMain/kotlin/ai/solace/core/scripting/ScriptActor.kt, /Volumes/stuff/Projects/SolaceCore/lib/src/commonMain/kotlin/ai/solace/core/scripting/CompiledScript.kt, /Volumes/stuff/Projects/SolaceCore/lib/src/commonMain/kotlin/ai/solace/core/scripting/ScriptStorage.kt, /Volumes/stuff/Projects/SolaceCore/lib/src/commonMain/kotlin/ai/solace/core/scripting/ScriptEngine.kt, /Volumes/stuff/Projects/SolaceCore/lib/src/commonMain/kotlin/ai/solace/core/scripting/ScriptValidator.kt, /Volumes/stuff/Projects/SolaceCore/lib/src/commonMain/kotlin/ai/solace/core/lifecycle/Lifecycle.kt, /Volumes/stuff/Projects/SolaceCore/lib/src/commonMain/kotlin/ai/solace/core/lifecycle/Disposable.kt, /Volumes/stuff/Projects/SolaceCore/lib/src/commonMain/kotlin/ai/solace/core/storage/cache/TTLCachePolicy.kt, /Volumes/stuff/Projects/SolaceCore/lib/src/commonMain/kotlin/ai/solace/core/storage/cache/CachedStorage.kt, /Volumes/stuff/Projects/SolaceCore/lib/src/commonMain/kotlin/ai/solace/core/storage/cache/LRUCachePolicy.kt, /Volumes/stuff/Projects/SolaceCore/lib/src/commonMain/kotlin/ai/solace/core/storage/cache/CachePolicy.kt, /Volumes/stuff/Projects/SolaceCore/lib/src/commonMain/kotlin/ai/solace/core/storage/StorageSerializer.kt, /Volumes/stuff/Projects/SolaceCore/lib/src/commonMain/kotlin/ai/solace/core/storage/TransactionalInMemoryStorage.kt, /Volumes/stuff/Projects/SolaceCore/lib/src/commonMain/kotlin/ai/solace/core/storage/Transaction.kt, /Volumes/stuff/Projects/SolaceCore/lib/src/commonMain/kotlin/ai/solace/core/storage/recovery/ActorStateSnapshot.kt, /Volumes/stuff/Projects/SolaceCore/lib/src/commonMain/kotlin/ai/solace/core/storage/recovery/RecoverableActorStateStorage.kt, /Volumes/stuff/Projects/SolaceCore/lib/src/commonMain/kotlin/ai/solace/core/storage/recovery/ActorRecoveryManager.kt, /Volumes/stuff/Projects/SolaceCore/lib/src/commonMain/kotlin/ai/solace/core/storage/Storage.kt, /Volumes/stuff/Projects/SolaceCore/lib/src/commonMain/kotlin/ai/solace/core/storage/serialization/ActorStateEnumSerializer.kt, /Volumes/stuff/Projects/SolaceCore/lib/src/commonMain/kotlin/ai/solace/core/storage/serialization/SerializableInMemoryActorStateStorage.kt, /Volumes/stuff/Projects/SolaceCore/lib/src/commonMain/kotlin/ai/solace/core/storage/serialization/SerializableActorStateStorage.kt, /Volumes/stuff/Projects/SolaceCore/lib/src/commonMain/kotlin/ai/solace/core/storage/serialization/ActorStateSerializer.kt, /Volumes/stuff/Projects/SolaceCore/lib/src/commonMain/kotlin/ai/solace/core/storage/serialization/ActorStateSerializerRegistry.kt, /Volumes/stuff/Projects/SolaceCore/lib/src/commonMain/kotlin/ai/solace/core/storage/InMemoryStorage.kt, /Volumes/stuff/Projects/SolaceCore/lib/src/commonMain/kotlin/ai/solace/core/storage/ActorStateStorage.kt, /Volumes/stuff/Projects/SolaceCore/lib/src/commonMain/kotlin/ai/solace/core/storage/ConfigurationStorage.kt, /Volumes/stuff/Projects/SolaceCore/lib/src/commonMain/kotlin/ai/solace/core/storage/InMemoryActorStateStorage.kt, /Volumes/stuff/Projects/SolaceCore/lib/src/commonMain/kotlin/ai/solace/core/storage/TransactionalStorage.kt, /Volumes/stuff/Projects/SolaceCore/lib/src/commonMain/kotlin/ai/solace/core/storage/InMemoryStorageManager.kt, /Volumes/stuff/Projects/SolaceCore/lib/src/commonMain/kotlin/ai/solace/core/storage/StorageManager.kt, /Volumes/stuff/Projects/SolaceCore/lib/src/commonMain/kotlin/ai/solace/core/storage/InMemoryConfigurationStorage.kt, /Volumes/stuff/Projects/SolaceCore/lib/src/commonMain/kotlin/ai/solace/core/workflow/WorkflowManager.kt, /Volumes/stuff/Projects/SolaceCore/lib/src/commonMain/kotlin/ai/solace/core/actor/metrics/ActorMetrics.kt, /Volumes/stuff/Projects/SolaceCore/lib/src/commonMain/kotlin/ai/solace/core/actor/ActorState.kt, /Volumes/stuff/Projects/SolaceCore/lib/src/commonMain/kotlin/ai/solace/core/actor/Actor.kt, /Volumes/stuff/Projects/SolaceCore/lib/src/commonMain/kotlin/ai/solace/core/actor/ActorMessage.kt, /Volumes/stuff/Projects/SolaceCore/lib/src/commonMain/kotlin/ai/solace/core/actor/examples/TextProcessor.kt, /Volumes/stuff/Projects/SolaceCore/lib/src/commonMain/kotlin/ai/solace/core/actor/examples/Filter.kt, /Volumes/stuff/Projects/SolaceCore/lib/src/commonMain/kotlin/ai/solace/core/actor/builder/ActorBuilder.kt, /Volumes/stuff/Projects/SolaceCore/lib/src/commonMain/kotlin/ai/solace/core/actor/supervisor/SupervisorActor.kt, /Volumes/stuff/Projects/SolaceCore/lib/src/commonMain/kotlin/ai/solace/core/kernel/channels/ports/Port.kt, /Volumes/stuff/Projects/SolaceCore/lib/src/commonMain/kotlin/ai/solace/core/kernel/channels/ports/PortException.kt, /Volumes/stuff/Projects/SolaceCore/lib/src/commonMain/kotlin/ai/solace/core/kernel/channels/ports/MessageHandlers.kt, /Volumes/stuff/Projects/SolaceCore/lib/src/commonMain/kotlin/ai/solace/core/kernel/channels/ports/BidirectionalPort.kt
Java source files: 
Script source files: 
Script file extensions: 
file or directory '/Volumes/stuff/Projects/SolaceCore/lib/src/jvmMain/java', not found
Using Kotlin/JVM incremental compilation
[KOTLIN] Kotlin compilation 'jdkHome' argument: /Users/sydneybach/Library/Java/JavaVirtualMachines/temurin-17.0.8/Contents/Home
Finished executing kotlin compiler using IN_PROCESS strategy

> Task :lib:compileKotlinJvm FAILED
Build bcbc9c1e-fbaf-4757-a83c-ef9f34c410b8 is closed
2 actionable tasks: 2 executed
Watched directory hierarchies: [/Volumes/stuff/Projects/SolaceCore]
