Initialized native services in: /Users/sydneybach/.gradle/native
Initialized jansi services in: /Users/sydneybach/.gradle/native
The client will now receive all logging from the daemon (pid: 45103). The daemon log file: /Users/sydneybach/.gradle/daemon/8.14/daemon-45103.out.log
Starting 10th build in daemon [uptime: 1 hrs 44 mins 19.657 secs, performance: 99%, GC rate: 0.00/s, heap usage: 3% of 512 MiB, non-heap usage: 44% of 384 MiB]
Using 32 worker leases.
Invalidating in-memory cache of /Volumes/stuff/Projects/SolaceCore/.gradle/8.14/fileHashes/fileHashes.bin
Invalidating in-memory cache of /Volumes/stuff/Projects/SolaceCore/.gradle/buildOutputCleanup/outputFiles.bin
Invalidating in-memory cache of /Volumes/stuff/Projects/SolaceCore/.gradle/8.14/fileHashes/resourceHashesCache.bin
Now considering [/Volumes/stuff/Projects/SolaceCore] as hierarchies to watch
Watching the file system is configured to be enabled if available
File system watching is active
Starting Build
Resolved plugin [id: 'org.gradle.toolchains.foojay-resolver-convention', version: '1.0.0']
Invalidating in-memory cache of /Users/sydneybach/.gradle/caches/journal-1/file-access.bin
Invalidating in-memory cache of /Users/sydneybach/.gradle/caches/8.14/fileHashes/fileHashes.bin
Invalidating in-memory cache of /Users/sydneybach/.gradle/caches/8.14/fileHashes/resourceHashesCache.bin
Settings evaluated using settings file '/Volumes/stuff/Projects/SolaceCore/settings.gradle.kts'.
Using local directory build cache for the root build (location = /Users/sydneybach/.gradle/caches/build-cache-1, remove unused entries = after 7 days).
Projects loaded. Root project using build file '/Volumes/stuff/Projects/SolaceCore/build.gradle.kts'.
Included projects: [root project 'SolaceCore', project ':lib']

> Configure project :
Evaluating root project 'SolaceCore' using build file '/Volumes/stuff/Projects/SolaceCore/build.gradle.kts'.

> Configure project :lib
Evaluating project ':lib' using build file '/Volumes/stuff/Projects/SolaceCore/lib/build.gradle.kts'.
Resolved plugin [id: 'org.jetbrains.kotlin.multiplatform', version: '2.2.20']
Resolved plugin [id: 'org.jetbrains.kotlin.plugin.serialization', version: '2.2.20']
Build 0b7c1321-9f00-4c95-b6be-5df2e31e3ffa is started
Using Kotlin Gradle Plugin gradle813 variant
kotlin scripting plugin: created the scripting discovery configuration: kotlinScriptDef
kotlin scripting plugin: created the scripting discovery configuration: testKotlinScriptDef
All projects evaluated.
Task path ':lib:compileKotlinJvm' matched project ':lib'
Task name matched 'compileKotlinJvm'
Selected primary task 'compileKotlinJvm' from project :lib
Starting process 'command '/usr/libexec/java_home''. Working directory: /Users/sydneybach/.gradle/daemon/8.14 Command: /usr/libexec/java_home -V
Successfully started process 'command '/usr/libexec/java_home''
Tasks to be executed: [task ':lib:kmpPartiallyResolvedDependenciesChecker', task ':lib:checkKotlinGradlePluginConfigurationErrors', task ':lib:compileKotlinJvm']
Tasks that were excluded: []
Resolve mutations for :lib:kmpPartiallyResolvedDependenciesChecker (Thread[#1466,Execution worker,5,main]) started.
:lib:kmpPartiallyResolvedDependenciesChecker (Thread[#1466,Execution worker,5,main]) started.
Invalidating in-memory cache of /Volumes/stuff/Projects/SolaceCore/.gradle/8.14/executionHistory/executionHistory.bin

> Task :lib:kmpPartiallyResolvedDependenciesChecker
Caching disabled for task ':lib:kmpPartiallyResolvedDependenciesChecker' because:
  This task is not intended for execution
Task ':lib:kmpPartiallyResolvedDependenciesChecker' is not up-to-date because:
  Task has not declared any outputs despite executing actions.
Execution stopped by some action with message: null
Resolve mutations for :lib:checkKotlinGradlePluginConfigurationErrors (Thread[#1466,Execution worker,5,main]) started.
:lib:checkKotlinGradlePluginConfigurationErrors (Thread[#1466,Execution worker,5,main]) started.

> Task :lib:checkKotlinGradlePluginConfigurationErrors SKIPPED
Skipping task ':lib:checkKotlinGradlePluginConfigurationErrors' as task onlyIf 'errorDiagnostics are present' is false.
Resolve mutations for :lib:compileKotlinJvm (Thread[#1466,Execution worker,5,main]) started.
:lib:compileKotlinJvm (Thread[#1466,Execution worker,5,main]) started.

> Task :lib:compileKotlinJvm FAILED
Build cache key for task ':lib:compileKotlinJvm' is 2ddbedc67bbddbb421271fc90dbc54f5
Task ':lib:compileKotlinJvm' is not up-to-date because:
  Task has failed previously.
The input changes require a full rebuild for incremental task ':lib:compileKotlinJvm'.
file or directory '/Volumes/stuff/Projects/SolaceCore/lib/src/jvmMain/java', not found
file or directory '/Volumes/stuff/Projects/SolaceCore/lib/src/jvmMain/java', not found
file or directory '/Volumes/stuff/Projects/SolaceCore/lib/src/jvmMain/java', not found
file or directory '/Volumes/stuff/Projects/SolaceCore/lib/src/jvmMain/java', not found
file or directory '/Volumes/stuff/Projects/SolaceCore/lib/src/jvmMain/java', not found
Kotlin source files: /Volumes/stuff/Projects/SolaceCore/lib/src/jvmMain/kotlin/ai/solace/core/scripting/JvmScriptEngine.kt, /Volumes/stuff/Projects/SolaceCore/lib/src/jvmMain/kotlin/ai/solace/core/scripting/FileScriptStorage.kt, /Volumes/stuff/Projects/SolaceCore/lib/src/jvmMain/kotlin/ai/solace/core/scripting/SimpleScriptValidator.kt, /Volumes/stuff/Projects/SolaceCore/lib/src/jvmMain/kotlin/ai/solace/core/scripting/FileScriptVersionManager.kt, /Volumes/stuff/Projects/SolaceCore/lib/src/jvmMain/kotlin/ai/solace/core/scripting/ScriptManager.kt, /Volumes/stuff/Projects/SolaceCore/lib/src/jvmMain/kotlin/ai/solace/core/util/LoggerProvider.kt, /Volumes/stuff/Projects/SolaceCore/lib/src/jvmMain/kotlin/ai/solace/core/storage/encryption/EncryptedStorage.kt, /Volumes/stuff/Projects/SolaceCore/lib/src/jvmMain/kotlin/ai/solace/core/storage/encryption/EncryptionStrategy.kt, /Volumes/stuff/Projects/SolaceCore/lib/src/jvmMain/kotlin/ai/solace/core/storage/encryption/AESEncryptionStrategy.kt, /Volumes/stuff/Projects/SolaceCore/lib/src/jvmMain/kotlin/ai/solace/core/storage/FileConfigurationStorage.kt, /Volumes/stuff/Projects/SolaceCore/lib/src/jvmMain/kotlin/ai/solace/core/storage/TransactionalFileStorage.kt, /Volumes/stuff/Projects/SolaceCore/lib/src/jvmMain/kotlin/ai/solace/core/storage/FileStorageManager.kt, /Volumes/stuff/Projects/SolaceCore/lib/src/jvmMain/kotlin/ai/solace/core/storage/serialization/SerializationWrapper.kt, /Volumes/stuff/Projects/SolaceCore/lib/src/jvmMain/kotlin/ai/solace/core/storage/compression/GZIPCompressionStrategy.kt, /Volumes/stuff/Projects/SolaceCore/lib/src/jvmMain/kotlin/ai/solace/core/storage/compression/CompressedStorage.kt, /Volumes/stuff/Projects/SolaceCore/lib/src/jvmMain/kotlin/ai/solace/core/storage/compression/CompressionStrategy.kt, /Volumes/stuff/Projects/SolaceCore/lib/src/jvmMain/kotlin/ai/solace/core/storage/FileActorStateStorage.kt, /Volumes/stuff/Projects/SolaceCore/lib/src/jvmMain/kotlin/ai/solace/core/storage/FileStorage.kt, /Volumes/stuff/Projects/SolaceCore/lib/src/commonMain/kotlin/ai/solace/core/scripting/ScriptVersionManager.kt, /Volumes/stuff/Projects/SolaceCore/lib/src/commonMain/kotlin/ai/solace/core/scripting/ScriptActor.kt, /Volumes/stuff/Projects/SolaceCore/lib/src/commonMain/kotlin/ai/solace/core/scripting/CompiledScript.kt, /Volumes/stuff/Projects/SolaceCore/lib/src/commonMain/kotlin/ai/solace/core/scripting/ScriptStorage.kt, /Volumes/stuff/Projects/SolaceCore/lib/src/commonMain/kotlin/ai/solace/core/scripting/ScriptEngine.kt, /Volumes/stuff/Projects/SolaceCore/lib/src/commonMain/kotlin/ai/solace/core/scripting/ScriptValidator.kt, /Volumes/stuff/Projects/SolaceCore/lib/src/commonMain/kotlin/ai/solace/core/lifecycle/Lifecycle.kt, /Volumes/stuff/Projects/SolaceCore/lib/src/commonMain/kotlin/ai/solace/core/lifecycle/Disposable.kt, /Volumes/stuff/Projects/SolaceCore/lib/src/commonMain/kotlin/ai/solace/core/storage/cache/TTLCachePolicy.kt, /Volumes/stuff/Projects/SolaceCore/lib/src/commonMain/kotlin/ai/solace/core/storage/cache/CachedStorage.kt, /Volumes/stuff/Projects/SolaceCore/lib/src/commonMain/kotlin/ai/solace/core/storage/cache/LRUCachePolicy.kt, /Volumes/stuff/Projects/SolaceCore/lib/src/commonMain/kotlin/ai/solace/core/storage/cache/CachePolicy.kt, /Volumes/stuff/Projects/SolaceCore/lib/src/commonMain/kotlin/ai/solace/core/storage/StorageSerializer.kt, /Volumes/stuff/Projects/SolaceCore/lib/src/commonMain/kotlin/ai/solace/core/storage/TransactionalInMemoryStorage.kt, /Volumes/stuff/Projects/SolaceCore/lib/src/commonMain/kotlin/ai/solace/core/storage/Transaction.kt, /Volumes/stuff/Projects/SolaceCore/lib/src/commonMain/kotlin/ai/solace/core/storage/recovery/ActorStateSnapshot.kt, /Volumes/stuff/Projects/SolaceCore/lib/src/commonMain/kotlin/ai/solace/core/storage/recovery/RecoverableActorStateStorage.kt, /Volumes/stuff/Projects/SolaceCore/lib/src/commonMain/kotlin/ai/solace/core/storage/recovery/ActorRecoveryManager.kt, /Volumes/stuff/Projects/SolaceCore/lib/src/commonMain/kotlin/ai/solace/core/storage/Storage.kt, /Volumes/stuff/Projects/SolaceCore/lib/src/commonMain/kotlin/ai/solace/core/storage/serialization/ActorStateEnumSerializer.kt, /Volumes/stuff/Projects/SolaceCore/lib/src/commonMain/kotlin/ai/solace/core/storage/serialization/SerializableInMemoryActorStateStorage.kt, /Volumes/stuff/Projects/SolaceCore/lib/src/commonMain/kotlin/ai/solace/core/storage/serialization/SerializableActorStateStorage.kt, /Volumes/stuff/Projects/SolaceCore/lib/src/commonMain/kotlin/ai/solace/core/storage/serialization/ActorStateSerializer.kt, /Volumes/stuff/Projects/SolaceCore/lib/src/commonMain/kotlin/ai/solace/core/storage/serialization/ActorStateSerializerRegistry.kt, /Volumes/stuff/Projects/SolaceCore/lib/src/commonMain/kotlin/ai/solace/core/storage/InMemoryStorage.kt, /Volumes/stuff/Projects/SolaceCore/lib/src/commonMain/kotlin/ai/solace/core/storage/ActorStateStorage.kt, /Volumes/stuff/Projects/SolaceCore/lib/src/commonMain/kotlin/ai/solace/core/storage/ConfigurationStorage.kt, /Volumes/stuff/Projects/SolaceCore/lib/src/commonMain/kotlin/ai/solace/core/storage/InMemoryActorStateStorage.kt, /Volumes/stuff/Projects/SolaceCore/lib/src/commonMain/kotlin/ai/solace/core/storage/TransactionalStorage.kt, /Volumes/stuff/Projects/SolaceCore/lib/src/commonMain/kotlin/ai/solace/core/storage/InMemoryStorageManager.kt, /Volumes/stuff/Projects/SolaceCore/lib/src/commonMain/kotlin/ai/solace/core/storage/StorageManager.kt, /Volumes/stuff/Projects/SolaceCore/lib/src/commonMain/kotlin/ai/solace/core/storage/InMemoryConfigurationStorage.kt, /Volumes/stuff/Projects/SolaceCore/lib/src/commonMain/kotlin/ai/solace/core/workflow/WorkflowManager.kt, /Volumes/stuff/Projects/SolaceCore/lib/src/commonMain/kotlin/ai/solace/core/actor/metrics/ActorMetrics.kt, /Volumes/stuff/Projects/SolaceCore/lib/src/commonMain/kotlin/ai/solace/core/actor/ActorState.kt, /Volumes/stuff/Projects/SolaceCore/lib/src/commonMain/kotlin/ai/solace/core/actor/Actor.kt, /Volumes/stuff/Projects/SolaceCore/lib/src/commonMain/kotlin/ai/solace/core/actor/ActorMessage.kt, /Volumes/stuff/Projects/SolaceCore/lib/src/commonMain/kotlin/ai/solace/core/actor/examples/TextProcessor.kt, /Volumes/stuff/Projects/SolaceCore/lib/src/commonMain/kotlin/ai/solace/core/actor/examples/Filter.kt, /Volumes/stuff/Projects/SolaceCore/lib/src/commonMain/kotlin/ai/solace/core/actor/builder/ActorBuilder.kt, /Volumes/stuff/Projects/SolaceCore/lib/src/commonMain/kotlin/ai/solace/core/actor/supervisor/SupervisorActor.kt, /Volumes/stuff/Projects/SolaceCore/lib/src/commonMain/kotlin/ai/solace/core/kernel/channels/ports/Port.kt, /Volumes/stuff/Projects/SolaceCore/lib/src/commonMain/kotlin/ai/solace/core/kernel/channels/ports/PortException.kt, /Volumes/stuff/Projects/SolaceCore/lib/src/commonMain/kotlin/ai/solace/core/kernel/channels/ports/MessageHandlers.kt, /Volumes/stuff/Projects/SolaceCore/lib/src/commonMain/kotlin/ai/solace/core/kernel/channels/ports/BidirectionalPort.kt
Java source files: 
Script source files: 
Script file extensions: 
file or directory '/Volumes/stuff/Projects/SolaceCore/lib/src/jvmMain/java', not found
Using Kotlin/JVM incremental compilation
[KOTLIN] Kotlin compilation 'jdkHome' argument: /Users/sydneybach/Library/Java/JavaVirtualMachines/temurin-17.0.8/Contents/Home
Options for KOTLIN DAEMON: IncrementalCompilationOptions(super=CompilationOptions(compilerMode=INCREMENTAL_COMPILER, targetPlatform=JVM, reportCategories=[0, 3], reportSeverity=2, requestedCompilationResults=[0], kotlinScriptExtensions=[]), sourceChanges=org.jetbrains.kotlin.buildtools.api.SourcesChanges$Unknown@b725373, classpathChanges=NotAvailableForNonIncrementalRun, workingDir=/Volumes/stuff/Projects/SolaceCore/lib/build/kotlin/compileKotlinJvm/cacheable, multiModuleICSettings=MultiModuleICSettings(buildHistoryFile=/Volumes/stuff/Projects/SolaceCore/lib/build/kotlin/compileKotlinJvm/local-state/build-history.bin, useModuleDetection=false), icFeatures=IncrementalCompilationFeatures(usePreciseJavaTracking=true, withAbiSnapshot=false, preciseCompilationResultsBackup=true, keepIncrementalCompilationCachesInMemory=true, enableUnsafeIncrementalCompilationForMultiplatform=false, enableMonotonousIncrementalCompileSetExpansion=true), outputFiles=[/Volumes/stuff/Projects/SolaceCore/lib/build/classes/kotlin/jvm/main, /Volumes/stuff/Projects/SolaceCore/lib/build/kotlin/compileKotlinJvm/cacheable, /Volumes/stuff/Projects/SolaceCore/lib/build/kotlin/compileKotlinJvm/local-state])
Finished executing kotlin compiler using DAEMON strategy
Build 0b7c1321-9f00-4c95-b6be-5df2e31e3ffa is closed
2 actionable tasks: 2 executed
Watched directory hierarchies: [/Volumes/stuff/Projects/SolaceCore]
