Initialized native services in: /Users/sydneybach/.gradle/native
Initialized jansi services in: /Users/sydneybach/.gradle/native
The client will now receive all logging from the daemon (pid: 17005). The daemon log file: /Users/sydneybach/.gradle/daemon/8.14/daemon-17005.out.log
Starting 5th build in daemon [uptime: 13 mins 45.81 secs, performance: 99%, GC rate: 0.00/s, heap usage: 3% of 512 MiB, non-heap usage: 46% of 384 MiB]
Using 32 worker leases.
Now considering [/Volumes/stuff/Projects/SolaceCore] as hierarchies to watch
Watching the file system is configured to be enabled if available
File system watching is active
Starting Build
Resolved plugin [id: 'org.gradle.toolchains.foojay-resolver-convention', version: '1.0.0']
Settings evaluated using settings file '/Volumes/stuff/Projects/SolaceCore/settings.gradle.kts'.
Using local directory build cache for the root build (location = /Users/sydneybach/.gradle/caches/build-cache-1, remove unused entries = after 7 days).
Projects loaded. Root project using build file '/Volumes/stuff/Projects/SolaceCore/build.gradle.kts'.
Included projects: [root project 'SolaceCore', project ':lib']

> Configure project :
Evaluating root project 'SolaceCore' using build file '/Volumes/stuff/Projects/SolaceCore/build.gradle.kts'.

> Configure project :lib
Evaluating project ':lib' using build file '/Volumes/stuff/Projects/SolaceCore/lib/build.gradle.kts'.
Build cache key for Kotlin DSL script compilation (Project/TopLevel/stage1) is ac48a2bef18555395a79568dd5081f9f
Stored cache entry for Kotlin DSL script compilation (Project/TopLevel/stage1) with cache key ac48a2bef18555395a79568dd5081f9f
Resolved plugin [id: 'org.jetbrains.kotlin.multiplatform', version: '2.2.20']
Resolved plugin [id: 'org.jetbrains.kotlin.plugin.serialization', version: '2.2.20']
Build 012d909b-b53b-42e7-9f42-3467a0d8d2f8 is started
Using Kotlin Gradle Plugin gradle813 variant
Build cache key for Kotlin DSL script compilation (Project/TopLevel/stage2) is 06f212058589f79942753a0d992ef3cf
Stored cache entry for Kotlin DSL script compilation (Project/TopLevel/stage2) with cache key 06f212058589f79942753a0d992ef3cf
kotlin scripting plugin: created the scripting discovery configuration: kotlinScriptDef
kotlin scripting plugin: created the scripting discovery configuration: testKotlinScriptDef
All projects evaluated.
Task path ':lib:compileCommonMainKotlinMetadata' matched project ':lib'
Task name matched 'compileCommonMainKotlinMetadata'
Selected primary task 'compileCommonMainKotlinMetadata' from project :lib
Downloading https://repo.maven.apache.org/maven2/org/jetbrains/kotlinx/kotlinx-datetime/0.6.1/kotlinx-datetime-0.6.1.pom to /Users/sydneybach/.gradle/.tmp/gradle_download10947081295315837271bin
Downloading https://repo.maven.apache.org/maven2/org/jetbrains/kotlinx/kotlinx-datetime/0.6.1/kotlinx-datetime-0.6.1.module to /Users/sydneybach/.gradle/.tmp/gradle_download14475571772770875089bin
Downloading https://repo.maven.apache.org/maven2/org/jetbrains/kotlinx/kotlinx-datetime-jvm/0.6.1/kotlinx-datetime-jvm-0.6.1.pom to /Users/sydneybach/.gradle/.tmp/gradle_download14444218191587007765bin
Downloading https://repo.maven.apache.org/maven2/org/jetbrains/kotlinx/kotlinx-datetime-jvm/0.6.1/kotlinx-datetime-jvm-0.6.1.module to /Users/sydneybach/.gradle/.tmp/gradle_download6215599685290427759bin
Downloading https://repo.maven.apache.org/maven2/org/jetbrains/kotlinx/kotlinx-datetime-macosarm64/0.6.1/kotlinx-datetime-macosarm64-0.6.1.pom to /Users/sydneybach/.gradle/.tmp/gradle_download12288678609324963963bin
Downloading https://repo.maven.apache.org/maven2/org/jetbrains/kotlinx/kotlinx-datetime-macosarm64/0.6.1/kotlinx-datetime-macosarm64-0.6.1.module to /Users/sydneybach/.gradle/.tmp/gradle_download13120696074445536785bin
Tasks to be executed: [task ':lib:kmpPartiallyResolvedDependenciesChecker', task ':lib:checkKotlinGradlePluginConfigurationErrors', task ':lib:transformCommonMainDependenciesMetadata', task ':lib:compileCommonMainKotlinMetadata']
Tasks that were excluded: []
Resolve mutations for :lib:kmpPartiallyResolvedDependenciesChecker (Thread[#630,Execution worker,5,main]) started.
:lib:kmpPartiallyResolvedDependenciesChecker (Thread[#634,Execution worker Thread 5,5,main]) started.

> Task :lib:kmpPartiallyResolvedDependenciesChecker
Caching disabled for task ':lib:kmpPartiallyResolvedDependenciesChecker' because:
  This task is not intended for execution
Task ':lib:kmpPartiallyResolvedDependenciesChecker' is not up-to-date because:
  Task has not declared any outputs despite executing actions.
Execution stopped by some action with message: null
Resolve mutations for :lib:checkKotlinGradlePluginConfigurationErrors (Thread[#634,Execution worker Thread 5,5,main]) started.
:lib:checkKotlinGradlePluginConfigurationErrors (Thread[#634,Execution worker Thread 5,5,main]) started.

> Task :lib:checkKotlinGradlePluginConfigurationErrors SKIPPED
Skipping task ':lib:checkKotlinGradlePluginConfigurationErrors' as task onlyIf 'errorDiagnostics are present' is false.
Resolve mutations for :lib:transformCommonMainDependenciesMetadata (Thread[#634,Execution worker Thread 5,5,main]) started.
:lib:transformCommonMainDependenciesMetadata (Thread[#634,Execution worker Thread 5,5,main]) started.

> Task :lib:transformCommonMainDependenciesMetadata
Downloading https://repo.maven.apache.org/maven2/org/jetbrains/kotlinx/kotlinx-datetime/0.6.1/kotlinx-datetime-0.6.1.jar to /Users/sydneybach/.gradle/.tmp/gradle_download10050030103806692113bin
Downloading https://repo.maven.apache.org/maven2/org/jetbrains/kotlinx/kotlinx-datetime-macosarm64/0.6.1/kotlinx-datetime-macosarm64-0.6.1-metadata.jar to /Users/sydneybach/.gradle/.tmp/gradle_download9827180947310491950bin
Caching disabled for ProjectStructureMetadataTransformAction: /Users/sydneybach/.gradle/caches/modules-2/files-2.1/org.jetbrains.kotlinx/kotlinx-serialization-core/1.9.0/482f0785cb8aeb139ee47a0edd07b31bf8d26cee/kotlinx-serialization-core-metadata-1.9.0.jar because:
  Caching not enabled.
Caching disabled for ProjectStructureMetadataTransformAction: /Users/sydneybach/.gradle/caches/modules-2/files-2.1/org.jetbrains.kotlinx/kotlinx-datetime/0.6.1/259eb134925c3a5628dff375b3c15c938091d451/kotlinx-datetime-metadata-0.6.1.jar because:
  Caching not enabled.
Caching disabled for task ':lib:transformCommonMainDependenciesMetadata' because:
  Metadata Dependency Transformation Task doesn't benefit from caching as it doesn't have heavy load
Task ':lib:transformCommonMainDependenciesMetadata' is not up-to-date because:
  Value of input property 'taskInputs$kotlin_gradle_plugin_common.inputCompilationDependencies' has changed for task ':lib:transformCommonMainDependenciesMetadata'
Resolve mutations for :lib:compileCommonMainKotlinMetadata (Thread[#634,Execution worker Thread 5,5,main]) started.
:lib:compileCommonMainKotlinMetadata (Thread[#634,Execution worker Thread 5,5,main]) started.

> Task :lib:compileCommonMainKotlinMetadata FAILED
Build cache key for task ':lib:compileCommonMainKotlinMetadata' is 6e2f76ee1632dbd485c5786cd569c19b
Task ':lib:compileCommonMainKotlinMetadata' is not up-to-date because:
  Task has failed previously.
The input changes require a full rebuild for incremental task ':lib:compileCommonMainKotlinMetadata'.
Finished executing kotlin compiler using DAEMON strategy
Build 012d909b-b53b-42e7-9f42-3467a0d8d2f8 is closed
3 actionable tasks: 3 executed
Watched directory hierarchies: [/Volumes/stuff/Projects/SolaceCore]
