Initialized native services in: /Users/sydneybach/.gradle/native
Initialized jansi services in: /Users/sydneybach/.gradle/native
The client will now receive all logging from the daemon (pid: 17005). The daemon log file: /Users/sydneybach/.gradle/daemon/8.14/daemon-17005.out.log
Starting 2nd build in daemon [uptime: 12.298 secs, performance: 99%, GC rate: 0.00/s, heap usage: 3% of 512 MiB, non-heap usage: 33% of 384 MiB]
Using 32 worker leases.
Now considering [/Volumes/stuff/Projects/SolaceCore] as hierarchies to watch
Watching the file system is configured to be enabled if available
File system watching is active
Starting Build
Resolved plugin [id: 'org.gradle.toolchains.foojay-resolver-convention', version: '1.0.0']
Settings evaluated using settings file '/Volumes/stuff/Projects/SolaceCore/settings.gradle.kts'.
Using local directory build cache for the root build (location = /Users/sydneybach/.gradle/caches/build-cache-1, remove unused entries = after 7 days).
Projects loaded. Root project using build file '/Volumes/stuff/Projects/SolaceCore/build.gradle.kts'.
Included projects: [root project 'SolaceCore', project ':lib']

> Configure project :
Evaluating root project 'SolaceCore' using build file '/Volumes/stuff/Projects/SolaceCore/build.gradle.kts'.

> Configure project :lib
Evaluating project ':lib' using build file '/Volumes/stuff/Projects/SolaceCore/lib/build.gradle.kts'.
Resolved plugin [id: 'org.jetbrains.kotlin.multiplatform', version: '2.2.20']
Resolved plugin [id: 'org.jetbrains.kotlin.plugin.serialization', version: '2.2.20']
Build e53dcea6-49f8-4c67-81ba-f9a055ec3281 is started
Using Kotlin Gradle Plugin gradle813 variant
kotlin scripting plugin: created the scripting discovery configuration: kotlinScriptDef
kotlin scripting plugin: created the scripting discovery configuration: testKotlinScriptDef
All projects evaluated.
Task path ':lib:compileCommonMainKotlinMetadata' matched project ':lib'
Task name matched 'compileCommonMainKotlinMetadata'
Selected primary task 'compileCommonMainKotlinMetadata' from project :lib
Downloading https://repo.maven.apache.org/maven2/org/slf4j/slf4j-api/2.0.13/slf4j-api-2.0.13.pom to /Users/sydneybach/.gradle/.tmp/gradle_download3551493861472598942bin
Found locally available resource with matching checksum: [https://repo.maven.apache.org/maven2/org/jetbrains/kotlin/kotlin-scripting-jvm-host/2.0.21/kotlin-scripting-jvm-host-2.0.21.pom, /Users/sydneybach/.gradle/caches/modules-2/files-2.1/org.jetbrains.kotlin/kotlin-scripting-jvm-host/2.0.21/36e74c8feab21d5403c833dabf24be932bad484/kotlin-scripting-jvm-host-2.0.21.pom]
Found locally available resource with matching checksum: [https://repo.maven.apache.org/maven2/org/jetbrains/kotlin/kotlin-main-kts/2.0.21/kotlin-main-kts-2.0.21.pom, /Users/sydneybach/.gradle/caches/modules-2/files-2.1/org.jetbrains.kotlin/kotlin-main-kts/2.0.21/d3ea48bf4a65445e9d1c56b6e2d06ca13739b9ee/kotlin-main-kts-2.0.21.pom]
Found locally available resource with matching checksum: [https://repo.maven.apache.org/maven2/org/jetbrains/kotlin/kotlin-scripting-dependencies-maven/2.0.21/kotlin-scripting-dependencies-maven-2.0.21.pom, /Users/sydneybach/.gradle/caches/modules-2/files-2.1/org.jetbrains.kotlin/kotlin-scripting-dependencies-maven/2.0.21/811bf619580cf09e45d99fbde97cf302915cd029/kotlin-scripting-dependencies-maven-2.0.21.pom]
Downloading https://repo.maven.apache.org/maven2/org/slf4j/slf4j-simple/2.0.13/slf4j-simple-2.0.13.pom to /Users/sydneybach/.gradle/.tmp/gradle_download381971076973097767bin
Downloading https://repo.maven.apache.org/maven2/org/jetbrains/kotlinx/atomicfu/0.24.0/atomicfu-0.24.0.pom to /Users/sydneybach/.gradle/.tmp/gradle_download8783029409255114645bin
Found locally available resource with matching checksum: [https://repo.maven.apache.org/maven2/org/jetbrains/kotlin/kotlin-scripting-dependencies/2.0.21/kotlin-scripting-dependencies-2.0.21.pom, /Users/sydneybach/.gradle/caches/modules-2/files-2.1/org.jetbrains.kotlin/kotlin-scripting-dependencies/2.0.21/fdef826a6b3524418d65dcedf4a6bdeedd3fca09/kotlin-scripting-dependencies-2.0.21.pom]
Downloading https://repo.maven.apache.org/maven2/org/slf4j/slf4j-parent/2.0.13/slf4j-parent-2.0.13.pom to /Users/sydneybach/.gradle/.tmp/gradle_download2100496700780658232bin
Downloading https://repo.maven.apache.org/maven2/org/jetbrains/kotlinx/atomicfu/0.24.0/atomicfu-0.24.0.module to /Users/sydneybach/.gradle/.tmp/gradle_download13729575454408578076bin
Downloading https://repo.maven.apache.org/maven2/org/slf4j/slf4j-bom/2.0.13/slf4j-bom-2.0.13.pom to /Users/sydneybach/.gradle/.tmp/gradle_download4641037715086211790bin
Downloading https://repo.maven.apache.org/maven2/org/jetbrains/kotlinx/atomicfu-jvm/0.24.0/atomicfu-jvm-0.24.0.pom to /Users/sydneybach/.gradle/.tmp/gradle_download3181905689320827260bin
Downloading https://repo.maven.apache.org/maven2/org/jetbrains/kotlinx/atomicfu-jvm/0.24.0/atomicfu-jvm-0.24.0.module to /Users/sydneybach/.gradle/.tmp/gradle_download11433796964338702523bin
Downloading https://repo.maven.apache.org/maven2/org/jetbrains/kotlinx/atomicfu-macosarm64/0.24.0/atomicfu-macosarm64-0.24.0.pom to /Users/sydneybach/.gradle/.tmp/gradle_download18408078455084816925bin
Downloading https://repo.maven.apache.org/maven2/org/jetbrains/kotlinx/atomicfu-macosarm64/0.24.0/atomicfu-macosarm64-0.24.0.module to /Users/sydneybach/.gradle/.tmp/gradle_download8989239536756364735bin
Tasks to be executed: [task ':lib:kmpPartiallyResolvedDependenciesChecker', task ':lib:checkKotlinGradlePluginConfigurationErrors', task ':lib:transformCommonMainDependenciesMetadata', task ':lib:compileCommonMainKotlinMetadata']
Tasks that were excluded: []
Resolve mutations for :lib:kmpPartiallyResolvedDependenciesChecker (Thread[#267,Execution worker,5,main]) started.
:lib:kmpPartiallyResolvedDependenciesChecker (Thread[#267,Execution worker,5,main]) started.

> Task :lib:kmpPartiallyResolvedDependenciesChecker
Caching disabled for task ':lib:kmpPartiallyResolvedDependenciesChecker' because:
  This task is not intended for execution
Task ':lib:kmpPartiallyResolvedDependenciesChecker' is not up-to-date because:
  Task has not declared any outputs despite executing actions.
Execution stopped by some action with message: null
Resolve mutations for :lib:checkKotlinGradlePluginConfigurationErrors (Thread[#267,Execution worker,5,main]) started.
:lib:checkKotlinGradlePluginConfigurationErrors (Thread[#267,Execution worker,5,main]) started.

> Task :lib:checkKotlinGradlePluginConfigurationErrors SKIPPED
Skipping task ':lib:checkKotlinGradlePluginConfigurationErrors' as task onlyIf 'errorDiagnostics are present' is false.
Resolve mutations for :lib:transformCommonMainDependenciesMetadata (Thread[#267,Execution worker,5,main]) started.
:lib:transformCommonMainDependenciesMetadata (Thread[#267,Execution worker,5,main]) started.

> Task :lib:transformCommonMainDependenciesMetadata
Deleting stale output file: /Volumes/stuff/Projects/SolaceCore/lib/build/kotlinTransformedMetadataLibraries/commonMain
Deleting stale output file: /Volumes/stuff/Projects/SolaceCore/lib/build/kotlinTransformedMetadataLibraries/commonMain/commonMain.json
Downloading https://repo.maven.apache.org/maven2/org/jetbrains/kotlinx/atomicfu/0.24.0/atomicfu-0.24.0.jar to /Users/sydneybach/.gradle/.tmp/gradle_download2680412527519582033bin
Caching disabled for ProjectStructureMetadataTransformAction: /Users/sydneybach/.gradle/caches/modules-2/files-2.1/org.jetbrains.kotlinx/kotlinx-coroutines-core/1.10.2/98c822b26e7e596cb9a9d95bb5bab18ba65e6074/kotlinx-coroutines-core-metadata-1.10.2.jar because:
  Caching not enabled.
Caching disabled for ProjectStructureMetadataTransformAction: /Users/sydneybach/.gradle/caches/modules-2/files-2.1/org.jetbrains.kotlin/kotlin-stdlib/2.2.20/60a0940e504374fe89029a3a8ab449eb0fecdb89/kotlin-stdlib-2.2.20-all.jar because:
  Caching not enabled.
Caching disabled for ProjectStructureMetadataTransformAction: /Users/sydneybach/.gradle/caches/modules-2/files-2.1/org.jetbrains.kotlinx/atomicfu/0.24.0/4ca2b046b699c207ce71dc0836fba35fae396948/atomicfu-metadata-0.24.0.jar because:
  Caching not enabled.
Caching disabled for task ':lib:transformCommonMainDependenciesMetadata' because:
  Metadata Dependency Transformation Task doesn't benefit from caching as it doesn't have heavy load
Task ':lib:transformCommonMainDependenciesMetadata' is not up-to-date because:
  No history is available.
Resolve mutations for :lib:compileCommonMainKotlinMetadata (Thread[#267,Execution worker,5,main]) started.
:lib:compileCommonMainKotlinMetadata (Thread[#267,Execution worker,5,main]) started.

> Task :lib:compileCommonMainKotlinMetadata
Deleting stale output file: /Volumes/stuff/Projects/SolaceCore/lib/build/kotlin/compileCommonMainKotlinMetadata/cacheable
Deleting stale output file: /Volumes/stuff/Projects/SolaceCore/lib/build/classes/kotlin/metadata/commonMain
Build cache key for task ':lib:compileCommonMainKotlinMetadata' is aefc5fa917df8993108956bd6534a12b
Task ':lib:compileCommonMainKotlinMetadata' is not up-to-date because:
  No history is available.
The input changes require a full rebuild for incremental task ':lib:compileCommonMainKotlinMetadata'.
i: starting the daemon as: /Library/Java/JavaVirtualMachines/temurin-21.jdk/Contents/Home/bin/java -cp /Users/sydneybach/.gradle/caches/modules-2/files-2.1/org.jetbrains.kotlin/kotlin-compiler-embeddable/2.2.20/bb8331b7585e36ea311825b01a1c06860c055fd1/kotlin-compiler-embeddable-2.2.20.jar:/Users/sydneybach/.gradle/caches/modules-2/files-2.1/org.jetbrains.kotlin/kotlin-stdlib/2.2.20/5380b19fa1924399b62ce3a1faffebb2b4f82272/kotlin-stdlib-2.2.20.jar:/Users/sydneybach/.gradle/caches/modules-2/files-2.1/org.jetbrains.kotlin/kotlin-script-runtime/2.2.20/4c679cbeac0bb583b75c3a080013da8eaf240807/kotlin-script-runtime-2.2.20.jar:/Users/sydneybach/.gradle/caches/modules-2/files-2.1/org.jetbrains.kotlin/kotlin-reflect/1.6.10/1cbe9c92c12a94eea200d23c2bbaedaf3daf5132/kotlin-reflect-1.6.10.jar:/Users/sydneybach/.gradle/caches/modules-2/files-2.1/org.jetbrains.kotlin/kotlin-daemon-embeddable/2.2.20/feff12d48d7f1eb628742b0a721395e16f8755bf/kotlin-daemon-embeddable-2.2.20.jar:/Users/sydneybach/.gradle/caches/modules-2/files-2.1/org.jetbrains.kotlinx/kotlinx-coroutines-core-jvm/1.8.0/ac1dc37a30a93150b704022f8d895ee1bd3a36b3/kotlinx-coroutines-core-jvm-1.8.0.jar:/Users/sydneybach/.gradle/caches/modules-2/files-2.1/org.jetbrains/annotations/13.0/919f0dfe192fb4e063e7dacadee7f8bb9a2672a9/annotations-13.0.jar -Djava.awt.headless=true -Djava.rmi.server.hostname=127.0.0.1 -Xmx512m -XX:MaxMetaspaceSize=384m -XX:ReservedCodeCacheSize=320m -Dkotlin.environment.keepalive -ea -XX:+UseCodeCacheFlushing -XX:+UseParallelGC -Dkotlin.daemon.initiator.marker.file=/var/folders/l7/sxmjmw9n7rlg4cwgzwxxs3nw0000gn/T/kotlin-compiler-in-olaceore-5116021342485585712.alive --add-exports java.base/sun.nio.ch=ALL-UNNAMED org.jetbrains.kotlin.daemon.KotlinCompileDaemon --daemon-runFilesPath /Users/sydneybach/Library/Application Support/kotlin/daemon --daemon-autoshutdownIdleSeconds=7200 --daemon-compilerClasspath /Users/sydneybach/.gradle/caches/modules-2/files-2.1/org.jetbrains.kotlin/kotlin-compiler-embeddable/2.2.20/bb8331b7585e36ea311825b01a1c06860c055fd1/kotlin-compiler-embeddable-2.2.20.jar:/Users/sydneybach/.gradle/caches/modules-2/files-2.1/org.jetbrains.kotlin/kotlin-stdlib/2.2.20/5380b19fa1924399b62ce3a1faffebb2b4f82272/kotlin-stdlib-2.2.20.jar:/Users/sydneybach/.gradle/caches/modules-2/files-2.1/org.jetbrains.kotlin/kotlin-script-runtime/2.2.20/4c679cbeac0bb583b75c3a080013da8eaf240807/kotlin-script-runtime-2.2.20.jar:/Users/sydneybach/.gradle/caches/modules-2/files-2.1/org.jetbrains.kotlin/kotlin-reflect/1.6.10/1cbe9c92c12a94eea200d23c2bbaedaf3daf5132/kotlin-reflect-1.6.10.jar:/Users/sydneybach/.gradle/caches/modules-2/files-2.1/org.jetbrains.kotlin/kotlin-daemon-embeddable/2.2.20/feff12d48d7f1eb628742b0a721395e16f8755bf/kotlin-daemon-embeddable-2.2.20.jar:/Users/sydneybach/.gradle/caches/modules-2/files-2.1/org.jetbrains.kotlinx/kotlinx-coroutines-core-jvm/1.8.0/ac1dc37a30a93150b704022f8d895ee1bd3a36b3/kotlinx-coroutines-core-jvm-1.8.0.jar:/Users/sydneybach/.gradle/caches/modules-2/files-2.1/org.jetbrains/annotations/13.0/919f0dfe192fb4e063e7dacadee7f8bb9a2672a9/annotations-13.0.jar
i: #1 retrying connecting to the daemon 
Finished executing kotlin compiler using DAEMON strategy

> Task :lib:compileCommonMainKotlinMetadata FAILED
Build e53dcea6-49f8-4c67-81ba-f9a055ec3281 is closed
3 actionable tasks: 3 executed
Watched directory hierarchies: [/Volumes/stuff/Projects/SolaceCore]
