> Task :cleanJvmTest
> Task :cleanAllTests
> Task :clean
> Task :generateProjectStructureMetadata
> Task :allMetadataJar
> Task :checkKotlinGradlePluginConfigurationErrors SKIPPED
> Task :compileKotlinJvm FROM-CACHE
> Task :jvmProcessResources NO-SOURCE
> Task :jvmMainClasses UP-TO-DATE
> Task :jvmJar
> Task :assemble
> Task :compileTestKotlinJvm FROM-CACHE
> Task :jvmTestProcessResources NO-SOURCE
> Task :jvmTestClasses UP-TO-DATE
> Task :jvmTest FROM-CACHE
> Task :allTests
> Task :check
> Task :build

BUILD SUCCESSFUL in 696ms
9 actionable tasks: 6 executed, 3 from cache
